[worker 1] waiting for initial weights...
[worker 1] ready on cuda:1
[worker 1] game 1 1-0 plies=77 time=57.1s H_prior=1.680 H_mcts=1.117 drop=+0.563
[worker 1] game 2 0-1 plies=124 time=99.5s H_prior=1.532 H_mcts=1.103 drop=+0.429
[worker 1] game 3 0-1 plies=24 time=17.6s H_prior=1.734 H_mcts=1.505 drop=+0.229
[worker 1] game 4 0-1 plies=84 time=66.5s H_prior=1.581 H_mcts=1.130 drop=+0.451
[worker 1] game 5 1/2-1/2 plies=119 time=77.2s H_prior=1.490 H_mcts=0.978 drop=+0.512
[worker 1] game 6 0-1 plies=62 time=45.3s H_prior=1.715 H_mcts=1.350 drop=+0.365
[worker 1] game 7 1-0 plies=99 time=78.8s H_prior=1.587 H_mcts=1.100 drop=+0.487
[worker 1] game 8 1-0 plies=145 time=127.7s H_prior=1.560 H_mcts=1.067 drop=+0.493
[worker 1] game 9 0-1 plies=100 time=78.9s H_prior=1.619 H_mcts=1.118 drop=+0.501
[worker 1] game 10 0-1 plies=172 time=148.9s H_prior=1.583 H_mcts=1.157 drop=+0.426
[worker 1] game 11 0-1 plies=62 time=46.4s H_prior=1.564 H_mcts=1.073 drop=+0.491
[worker 1] game 12 0-1 plies=110 time=87.4s H_prior=1.570 H_mcts=0.948 drop=+0.621
[worker 1] game 13 0-1 plies=72 time=56.4s H_prior=1.601 H_mcts=1.178 drop=+0.423
[worker 1] game 14 1/2-1/2 plies=130 time=103.9s H_prior=1.540 H_mcts=1.116 drop=+0.424
[worker 1] game 15 1-0 plies=81 time=62.4s H_prior=1.763 H_mcts=1.322 drop=+0.442
[worker 1] game 16 0-1 plies=104 time=80.1s H_prior=1.549 H_mcts=1.274 drop=+0.275
[worker 1] refreshed weights (mtime 1776821010)
[worker 1] game 17 1-0 plies=41 time=31.8s H_prior=2.003 H_mcts=1.386 drop=+0.617
[worker 1] game 18 0-1 plies=22 time=15.8s H_prior=2.104 H_mcts=1.719 drop=+0.384
[worker 1] game 19 1/2-1/2 plies=171 time=150.2s H_prior=1.741 H_mcts=1.161 drop=+0.580
[worker 1] game 20 1-0 plies=21 time=15.1s H_prior=2.133 H_mcts=1.727 drop=+0.406
[worker 1] game 21 1-0 plies=153 time=128.3s H_prior=1.561 H_mcts=1.124 drop=+0.437
[worker 1] game 22 0-1 plies=22 time=15.8s H_prior=2.116 H_mcts=1.762 drop=+0.354
[worker 1] refreshed weights (mtime 1776821362)
[worker 1] game 23 1-0 plies=19 time=11.9s H_prior=1.942 H_mcts=1.594 drop=+0.348
[worker 1] game 24 1-0 plies=97 time=77.1s H_prior=1.796 H_mcts=1.154 drop=+0.642
[worker 1] game 25 1/2-1/2 plies=109 time=75.3s H_prior=1.601 H_mcts=0.981 drop=+0.620
[worker 1] ready on cuda:1
[worker 1] game 1 1-0 plies=47 time=40.7s H_prior=2.067 H_mcts=1.581 drop=+0.487
[worker 1] refreshed weights (mtime 1776821669)
[worker 1] game 2 1-0 plies=131 time=113.3s H_prior=1.666 H_mcts=1.198 drop=+0.468
[worker 1] game 3 0-1 plies=70 time=56.0s H_prior=1.747 H_mcts=1.208 drop=+0.539
[worker 1] game 4 1-0 plies=29 time=22.3s H_prior=1.893 H_mcts=1.647 drop=+0.246
[worker 1] game 5 1-0 plies=77 time=62.9s H_prior=1.715 H_mcts=1.061 drop=+0.654
[worker 1] game 6 0-1 plies=80 time=63.4s H_prior=1.599 H_mcts=1.099 drop=+0.500
[worker 1] game 7 0-1 plies=114 time=98.5s H_prior=1.747 H_mcts=1.154 drop=+0.593
[worker 1] game 8 1-0 plies=47 time=36.2s H_prior=1.846 H_mcts=1.250 drop=+0.597
[worker 1] game 9 1-0 plies=79 time=62.7s H_prior=1.850 H_mcts=1.455 drop=+0.395
[worker 1] ready on cuda:1
[worker 1] game 1 0-1 plies=76 time=66.0s H_prior=1.751 H_mcts=1.217 drop=+0.534
[worker 1] game 2 0-1 plies=66 time=55.8s H_prior=1.757 H_mcts=1.318 drop=+0.439
[worker 1] game 3 1/2-1/2 plies=101 time=80.2s H_prior=1.678 H_mcts=1.034 drop=+0.643
[worker 1] game 4 0-1 plies=100 time=84.1s H_prior=1.645 H_mcts=1.167 drop=+0.478
[worker 1] game 5 0-1 plies=84 time=68.5s H_prior=1.591 H_mcts=1.175 drop=+0.415
[worker 1] game 6 0-1 plies=124 time=102.8s H_prior=1.584 H_mcts=1.182 drop=+0.402
[worker 1] game 7 0-1 plies=86 time=68.1s H_prior=1.676 H_mcts=1.175 drop=+0.501
[worker 1] game 8 1/2-1/2 plies=214 time=233.5s H_prior=1.603 H_mcts=1.230 drop=+0.373
[worker 1] game 9 0-1 plies=74 time=58.5s H_prior=1.584 H_mcts=1.131 drop=+0.453
[worker 1] game 10 1-0 plies=75 time=58.8s H_prior=1.700 H_mcts=1.166 drop=+0.534
[worker 1] game 11 1-0 plies=127 time=105.0s H_prior=1.577 H_mcts=1.260 drop=+0.317
[worker 1] game 12 0-1 plies=172 time=153.6s H_prior=1.565 H_mcts=1.083 drop=+0.482
[worker 1] game 13 1-0 plies=139 time=118.4s H_prior=1.518 H_mcts=1.110 drop=+0.408
[worker 1] game 14 0-1 plies=88 time=73.4s H_prior=1.646 H_mcts=1.142 drop=+0.504
[worker 1] game 15 1-0 plies=145 time=116.5s H_prior=1.384 H_mcts=0.933 drop=+0.451
[worker 1] refreshed weights (mtime 1776823698)
[worker 1] game 16 0-1 plies=68 time=50.8s H_prior=1.652 H_mcts=1.195 drop=+0.457
[worker 1] ready on cuda:1
[worker 1] game 1 1-0 plies=203 time=220.5s H_prior=1.578 H_mcts=1.115 drop=+0.463
[worker 1] game 2 1-0 plies=101 time=91.6s H_prior=1.833 H_mcts=1.235 drop=+0.598
[worker 1] game 3 0-1 plies=28 time=21.3s H_prior=1.713 H_mcts=1.161 drop=+0.552
[worker 1] ready on cuda:1
[worker 1] game 1 0-1 plies=134 time=154.5s H_prior=1.659 H_mcts=1.097 drop=+0.562
[worker 1] refreshed weights (mtime 1776824393)
[worker 1] game 2 1-0 plies=215 time=275.6s H_prior=1.572 H_mcts=1.163 drop=+0.409
[worker 1] game 3 1-0 plies=73 time=76.0s H_prior=1.707 H_mcts=1.357 drop=+0.350
[worker 1] refreshed weights (mtime 1776824873)
[worker 1] game 4 1-0 plies=29 time=28.9s H_prior=2.068 H_mcts=1.750 drop=+0.318
[worker 1] game 5 1-0 plies=123 time=138.8s H_prior=1.758 H_mcts=1.262 drop=+0.496
[worker 1] game 6 0-1 plies=164 time=203.9s H_prior=1.689 H_mcts=1.230 drop=+0.459
[worker 1] refreshed weights (mtime 1776825111)
[worker 1] game 7 0-1 plies=70 time=73.5s H_prior=2.109 H_mcts=1.558 drop=+0.551
[worker 1] game 8 1-0 plies=135 time=152.9s H_prior=1.804 H_mcts=1.250 drop=+0.553
[worker 1] refreshed weights (mtime 1776825388)
[worker 1] game 9 0-1 plies=52 time=54.4s H_prior=2.146 H_mcts=1.638 drop=+0.508
[worker 1] game 10 1-0 plies=41 time=41.6s H_prior=2.245 H_mcts=1.763 drop=+0.482
[worker 1] game 11 0-1 plies=54 time=56.3s H_prior=1.934 H_mcts=1.421 drop=+0.513
[worker 1] game 12 1/2-1/2 plies=134 time=146.9s H_prior=1.767 H_mcts=1.064 drop=+0.703
[worker 1] refreshed weights (mtime 1776825686)
[worker 1] game 13 1/2-1/2 plies=112 time=119.9s H_prior=1.791 H_mcts=1.194 drop=+0.597
[worker 1] game 14 0-1 plies=94 time=104.1s H_prior=1.845 H_mcts=1.320 drop=+0.525
[worker 1] refreshed weights (mtime 1776825951)
[worker 1] game 15 0-1 plies=34 time=33.5s H_prior=2.194 H_mcts=1.932 drop=+0.262
[worker 1] game 16 0-1 plies=176 time=215.2s H_prior=1.721 H_mcts=1.285 drop=+0.436
[worker 1] game 17 1/2-1/2 plies=104 time=115.9s H_prior=2.015 H_mcts=1.422 drop=+0.593
[worker 1] refreshed weights (mtime 1776826272)
[worker 1] game 18 1/2-1/2 plies=172 time=219.0s H_prior=1.894 H_mcts=1.350 drop=+0.544
[worker 1] refreshed weights (mtime 1776826579)
[worker 1] game 19 1-0 plies=75 time=82.3s H_prior=2.002 H_mcts=1.377 drop=+0.624
[worker 1] game 20 0-1 plies=144 time=169.6s H_prior=1.658 H_mcts=1.180 drop=+0.478
[worker 1] game 21 1-0 plies=29 time=26.9s H_prior=2.164 H_mcts=1.720 drop=+0.444
[worker 1] game 22 0-1 plies=56 time=60.4s H_prior=2.108 H_mcts=1.514 drop=+0.593
[worker 1] refreshed weights (mtime 1776826891)
[worker 1] game 23 1-0 plies=161 time=192.9s H_prior=1.743 H_mcts=1.145 drop=+0.598
[worker 1] game 24 1-0 plies=181 time=216.5s H_prior=1.690 H_mcts=1.177 drop=+0.514
[worker 1] refreshed weights (mtime 1776827182)
[worker 1] game 25 1-0 plies=133 time=152.4s H_prior=1.761 H_mcts=1.210 drop=+0.551
[worker 1] refreshed weights (mtime 1776827495)
[worker 1] game 26 1/2-1/2 plies=98 time=90.5s H_prior=1.661 H_mcts=1.089 drop=+0.572
[worker 1] game 27 1-0 plies=37 time=38.5s H_prior=2.187 H_mcts=1.545 drop=+0.642
[worker 1] game 28 0-1 plies=182 time=215.9s H_prior=1.619 H_mcts=1.065 drop=+0.554
[worker 1] refreshed weights (mtime 1776827791)
[worker 1] game 29 1-0 plies=53 time=53.2s H_prior=2.061 H_mcts=1.487 drop=+0.574
[worker 1] game 30 1-0 plies=47 time=47.8s H_prior=2.109 H_mcts=1.433 drop=+0.677
[worker 1] game 31 1/2-1/2 plies=193 time=251.3s H_prior=1.714 H_mcts=1.143 drop=+0.571
[worker 1] refreshed weights (mtime 1776828100)
[worker 1] game 32 1/2-1/2 plies=126 time=128.8s H_prior=1.722 H_mcts=1.054 drop=+0.668
[worker 1] game 33 0-1 plies=30 time=29.4s H_prior=2.371 H_mcts=1.798 drop=+0.573
[worker 1] game 34 1-0 plies=101 time=106.6s H_prior=1.771 H_mcts=1.204 drop=+0.567
[worker 1] refreshed weights (mtime 1776828383)
[worker 1] game 35 0-1 plies=74 time=82.6s H_prior=2.128 H_mcts=1.577 drop=+0.552
[worker 1] game 36 0-1 plies=74 time=77.4s H_prior=1.802 H_mcts=1.323 drop=+0.478
[worker 1] game 37 1/2-1/2 plies=104 time=108.7s H_prior=1.849 H_mcts=1.131 drop=+0.718
[worker 1] refreshed weights (mtime 1776828677)
[worker 1] game 38 1/2-1/2 plies=102 time=102.8s H_prior=1.828 H_mcts=1.184 drop=+0.644
[worker 1] game 39 1-0 plies=147 time=161.6s H_prior=1.584 H_mcts=0.964 drop=+0.620
[worker 1] refreshed weights (mtime 1776828978)
[worker 1] game 40 1/2-1/2 plies=126 time=138.8s H_prior=1.775 H_mcts=1.215 drop=+0.560
[worker 1] game 41 1-0 plies=25 time=25.2s H_prior=2.232 H_mcts=1.451 drop=+0.781
[worker 1] game 42 1/2-1/2 plies=95 time=100.2s H_prior=1.850 H_mcts=1.351 drop=+0.499
[worker 1] game 43 1/2-1/2 plies=125 time=133.8s H_prior=1.770 H_mcts=1.280 drop=+0.489
[worker 1] refreshed weights (mtime 1776829271)
[worker 1] game 44 1-0 plies=31 time=32.5s H_prior=2.305 H_mcts=1.528 drop=+0.777
[worker 1] game 45 0-1 plies=84 time=89.4s H_prior=2.104 H_mcts=1.579 drop=+0.525
[worker 1] game 46 1/2-1/2 plies=176 time=203.2s H_prior=1.731 H_mcts=1.097 drop=+0.634
[worker 1] refreshed weights (mtime 1776829577)
[worker 1] game 47 0-1 plies=170 time=202.6s H_prior=1.765 H_mcts=1.242 drop=+0.524
[worker 1] refreshed weights (mtime 1776829880)
[worker 1] game 48 1-0 plies=173 time=221.7s H_prior=1.820 H_mcts=1.225 drop=+0.595
[worker 1] game 49 1-0 plies=77 time=81.9s H_prior=2.136 H_mcts=1.645 drop=+0.491
[worker 1] refreshed weights (mtime 1776830182)
[worker 1] game 50 0-1 plies=186 time=234.5s H_prior=1.545 H_mcts=1.052 drop=+0.493
[worker 1] game 51 1-0 plies=105 time=115.1s H_prior=1.893 H_mcts=1.359 drop=+0.534
[worker 1] refreshed weights (mtime 1776830478)
[worker 1] game 52 1-0 plies=93 time=99.5s H_prior=1.861 H_mcts=1.440 drop=+0.421
[worker 1] game 53 0-1 plies=64 time=67.1s H_prior=2.356 H_mcts=1.657 drop=+0.699
[worker 1] game 54 1/2-1/2 plies=262 time=376.3s H_prior=1.469 H_mcts=1.130 drop=+0.339
[worker 1] refreshed weights (mtime 1776831081)
[worker 1] game 55 1/2-1/2 plies=240 time=360.5s H_prior=1.774 H_mcts=1.266 drop=+0.508
[worker 1] refreshed weights (mtime 1776831360)
[worker 1] game 56 1-0 plies=99 time=104.1s H_prior=1.754 H_mcts=1.070 drop=+0.684
[worker 1] game 57 0-1 plies=152 time=168.4s H_prior=1.614 H_mcts=1.064 drop=+0.550
[worker 1] refreshed weights (mtime 1776831654)
[worker 1] game 58 0-1 plies=234 time=307.5s H_prior=1.639 H_mcts=1.151 drop=+0.488
[worker 1] refreshed weights (mtime 1776831944)
[worker 1] game 59 1/2-1/2 plies=147 time=173.1s H_prior=1.682 H_mcts=1.153 drop=+0.529
[worker 1] game 60 1/2-1/2 plies=250 time=356.1s H_prior=1.572 H_mcts=1.130 drop=+0.442
[worker 1] refreshed weights (mtime 1776832553)
[worker 1] game 61 1/2-1/2 plies=279 time=441.2s H_prior=1.663 H_mcts=1.273 drop=+0.390
[worker 1] refreshed weights (mtime 1776832849)
[worker 1] game 62 1/2-1/2 plies=164 time=197.2s H_prior=1.825 H_mcts=1.331 drop=+0.494
[worker 1] refreshed weights (mtime 1776833128)
[worker 1] game 63 0-1 plies=176 time=217.0s H_prior=1.661 H_mcts=1.169 drop=+0.492
[worker 1] game 64 1-0 plies=151 time=178.0s H_prior=1.745 H_mcts=1.235 drop=+0.511
[worker 1] refreshed weights (mtime 1776833454)
[worker 1] game 65 1-0 plies=283 time=396.4s H_prior=1.528 H_mcts=1.101 drop=+0.427
[worker 1] refreshed weights (mtime 1776833746)
[worker 1] game 66 1-0 plies=57 time=59.8s H_prior=2.052 H_mcts=1.550 drop=+0.502
[worker 1] refreshed weights (mtime 1776834067)
[worker 1] game 67 1/2-1/2 plies=149 time=171.6s H_prior=1.796 H_mcts=1.169 drop=+0.627
[worker 1] game 68 1/2-1/2 plies=147 time=170.0s H_prior=1.695 H_mcts=1.179 drop=+0.516
[worker 1] refreshed weights (mtime 1776834351)
[worker 1] game 69 0-1 plies=74 time=69.1s H_prior=2.025 H_mcts=1.364 drop=+0.661
[worker 1] game 70 1/2-1/2 plies=113 time=114.1s H_prior=1.754 H_mcts=1.040 drop=+0.714
[worker 1] game 71 0-1 plies=232 time=308.5s H_prior=1.635 H_mcts=1.139 drop=+0.496
[worker 1] refreshed weights (mtime 1776834637)
[worker 1] game 72 1/2-1/2 plies=129 time=140.7s H_prior=1.707 H_mcts=1.221 drop=+0.486
[worker 1] refreshed weights (mtime 1776834940)
[worker 1] game 73 1/2-1/2 plies=119 time=131.7s H_prior=1.795 H_mcts=1.169 drop=+0.626
[worker 1] game 74 1/2-1/2 plies=126 time=134.7s H_prior=1.747 H_mcts=1.116 drop=+0.631
[worker 1] refreshed weights (mtime 1776835232)
[worker 1] game 75 0-1 plies=24 time=23.4s H_prior=2.296 H_mcts=1.631 drop=+0.665
[worker 1] game 76 0-1 plies=82 time=84.1s H_prior=1.938 H_mcts=1.385 drop=+0.553
[worker 1] game 77 1-0 plies=133 time=166.1s H_prior=2.184 H_mcts=1.555 drop=+0.629
[worker 1] refreshed weights (mtime 1776835553)
[worker 1] game 78 1-0 plies=189 time=222.5s H_prior=1.637 H_mcts=1.135 drop=+0.502
[worker 1] game 79 0-1 plies=98 time=112.4s H_prior=1.955 H_mcts=1.377 drop=+0.578
[worker 1] refreshed weights (mtime 1776835857)
[worker 1] game 80 1/2-1/2 plies=153 time=175.4s H_prior=1.635 H_mcts=1.137 drop=+0.498
[worker 1] game 81 0-1 plies=110 time=120.0s H_prior=1.812 H_mcts=1.345 drop=+0.467
[worker 1] refreshed weights (mtime 1776836173)
[worker 1] game 82 1/2-1/2 plies=82 time=79.6s H_prior=1.985 H_mcts=1.240 drop=+0.744
[worker 1] game 83 0-1 plies=150 time=174.4s H_prior=1.777 H_mcts=1.225 drop=+0.552
[worker 1] refreshed weights (mtime 1776836471)
[worker 1] game 84 0-1 plies=50 time=53.3s H_prior=2.174 H_mcts=1.780 drop=+0.394
[worker 1] game 85 1-0 plies=41 time=43.0s H_prior=2.199 H_mcts=1.709 drop=+0.490
[worker 1] game 86 0-1 plies=144 time=174.3s H_prior=1.759 H_mcts=1.245 drop=+0.513
[worker 1] game 87 1/2-1/2 plies=76 time=83.2s H_prior=2.217 H_mcts=1.577 drop=+0.640
[worker 1] refreshed weights (mtime 1776836776)
[worker 1] game 88 1-0 plies=97 time=104.5s H_prior=1.696 H_mcts=1.149 drop=+0.547
[worker 1] game 89 0-1 plies=148 time=171.4s H_prior=1.703 H_mcts=1.219 drop=+0.484
[worker 1] refreshed weights (mtime 1776837084)
[worker 1] game 90 1-0 plies=27 time=26.7s H_prior=2.369 H_mcts=1.954 drop=+0.415
[worker 1] game 91 1-0 plies=127 time=150.5s H_prior=1.622 H_mcts=1.052 drop=+0.570
[worker 1] game 92 0-1 plies=102 time=111.2s H_prior=1.979 H_mcts=1.408 drop=+0.571
[worker 1] refreshed weights (mtime 1776837385)
[worker 1] game 93 0-1 plies=90 time=97.9s H_prior=1.994 H_mcts=1.413 drop=+0.582
[worker 1] game 94 0-1 plies=136 time=154.8s H_prior=1.585 H_mcts=1.111 drop=+0.474
[worker 1] game 95 1/2-1/2 plies=151 time=167.0s H_prior=1.753 H_mcts=1.192 drop=+0.561
[worker 1] refreshed weights (mtime 1776837697)
[worker 1] game 96 0-1 plies=40 time=41.2s H_prior=2.181 H_mcts=1.744 drop=+0.437
[worker 1] game 97 0-1 plies=68 time=73.6s H_prior=2.252 H_mcts=1.435 drop=+0.817
[worker 1] game 98 1-0 plies=261 time=362.0s H_prior=1.566 H_mcts=1.151 drop=+0.415
[worker 1] refreshed weights (mtime 1776838278)
[worker 1] game 99 1-0 plies=43 time=44.2s H_prior=2.089 H_mcts=1.548 drop=+0.542
[worker 1] game 100 1-0 plies=113 time=123.3s H_prior=1.954 H_mcts=1.399 drop=+0.555
[worker 1] game 101 1/2-1/2 plies=236 time=305.8s H_prior=1.647 H_mcts=1.240 drop=+0.407
[worker 1] refreshed weights (mtime 1776838582)
[worker 1] game 102 0-1 plies=110 time=124.5s H_prior=1.708 H_mcts=1.238 drop=+0.470
[worker 1] refreshed weights (mtime 1776838864)
[worker 1] game 103 0-1 plies=102 time=114.0s H_prior=1.868 H_mcts=1.270 drop=+0.598
[worker 1] game 104 1-0 plies=47 time=48.7s H_prior=2.202 H_mcts=1.772 drop=+0.430
[worker 1] game 105 0-1 plies=234 time=311.4s H_prior=1.543 H_mcts=1.123 drop=+0.420
[worker 1] refreshed weights (mtime 1776839143)
[worker 1] game 106 0-1 plies=134 time=155.9s H_prior=1.852 H_mcts=1.421 drop=+0.431
[worker 1] refreshed weights (mtime 1776839443)
[worker 1] game 107 1/2-1/2 plies=121 time=131.5s H_prior=1.919 H_mcts=1.387 drop=+0.532
[worker 1] game 108 1-0 plies=115 time=130.8s H_prior=1.808 H_mcts=1.396 drop=+0.412
[worker 1] refreshed weights (mtime 1776839762)
[worker 1] game 109 0-1 plies=82 time=86.3s H_prior=1.947 H_mcts=1.421 drop=+0.526
[worker 1] game 110 0-1 plies=112 time=128.7s H_prior=1.722 H_mcts=1.167 drop=+0.555
[worker 1] game 111 1-0 plies=73 time=74.4s H_prior=2.077 H_mcts=1.537 drop=+0.540
[worker 1] refreshed weights (mtime 1776840064)
[worker 1] game 112 0-1 plies=138 time=156.8s H_prior=1.592 H_mcts=1.143 drop=+0.449
[worker 1] game 113 0-1 plies=58 time=58.2s H_prior=2.174 H_mcts=1.545 drop=+0.628
[worker 1] game 114 1-0 plies=85 time=91.0s H_prior=1.911 H_mcts=1.335 drop=+0.577
[worker 1] refreshed weights (mtime 1776840370)
[worker 1] game 115 0-1 plies=214 time=290.4s H_prior=1.782 H_mcts=1.346 drop=+0.436
[worker 1] refreshed weights (mtime 1776840666)
[worker 1] game 116 1-0 plies=51 time=50.5s H_prior=2.166 H_mcts=1.639 drop=+0.527
[worker 1] game 117 0-1 plies=126 time=143.0s H_prior=1.719 H_mcts=1.168 drop=+0.551
[worker 1] game 118 0-1 plies=112 time=125.7s H_prior=1.707 H_mcts=1.236 drop=+0.471
[worker 1] refreshed weights (mtime 1776840943)
[worker 1] game 119 1/2-1/2 plies=135 time=150.7s H_prior=1.781 H_mcts=1.207 drop=+0.574
[worker 1] game 120 1-0 plies=131 time=149.5s H_prior=1.841 H_mcts=1.122 drop=+0.719
[worker 1] refreshed weights (mtime 1776841239)
[worker 1] game 121 1/2-1/2 plies=73 time=79.6s H_prior=1.923 H_mcts=1.343 drop=+0.581
[worker 1] game 122 0-1 plies=96 time=112.1s H_prior=1.931 H_mcts=1.267 drop=+0.664
[worker 1] game 123 0-1 plies=98 time=108.9s H_prior=1.722 H_mcts=1.238 drop=+0.484
[worker 1] refreshed weights (mtime 1776841526)
[worker 1] game 124 1-0 plies=231 time=317.0s H_prior=1.552 H_mcts=1.106 drop=+0.446
[worker 1] refreshed weights (mtime 1776841810)
[worker 1] game 125 1-0 plies=87 time=95.3s H_prior=2.120 H_mcts=1.574 drop=+0.546
[worker 1] game 126 1-0 plies=111 time=125.7s H_prior=2.001 H_mcts=1.413 drop=+0.588
[worker 1] refreshed weights (mtime 1776842098)
[worker 1] game 127 0-1 plies=136 time=160.7s H_prior=1.931 H_mcts=1.360 drop=+0.571
[worker 1] game 128 1-0 plies=141 time=165.7s H_prior=1.779 H_mcts=1.299 drop=+0.480
[worker 1] refreshed weights (mtime 1776842408)
[worker 1] game 129 1-0 plies=219 time=290.7s H_prior=1.763 H_mcts=1.255 drop=+0.508
[worker 1] refreshed weights (mtime 1776842705)
[worker 1] game 130 0-1 plies=186 time=225.9s H_prior=1.681 H_mcts=1.122 drop=+0.559
[worker 1] game 131 1/2-1/2 plies=179 time=216.4s H_prior=1.783 H_mcts=1.349 drop=+0.434
[worker 1] refreshed weights (mtime 1776843013)
[worker 1] game 132 0-1 plies=114 time=124.2s H_prior=1.729 H_mcts=1.132 drop=+0.597
[worker 1] game 133 0-1 plies=40 time=42.7s H_prior=2.333 H_mcts=1.828 drop=+0.505
[worker 1] refreshed weights (mtime 1776843327)
[worker 1] game 134 1/2-1/2 plies=149 time=177.2s H_prior=1.698 H_mcts=1.180 drop=+0.518
[worker 1] game 135 1-0 plies=81 time=81.5s H_prior=1.774 H_mcts=1.200 drop=+0.575
[worker 1] game 136 1/2-1/2 plies=109 time=119.7s H_prior=1.923 H_mcts=1.274 drop=+0.649
[worker 1] refreshed weights (mtime 1776843636)
[worker 1] game 137 0-1 plies=78 time=81.6s H_prior=1.828 H_mcts=1.167 drop=+0.661
[worker 1] game 138 1-0 plies=37 time=34.1s H_prior=2.042 H_mcts=1.493 drop=+0.549
[worker 1] game 139 0-1 plies=62 time=69.2s H_prior=2.214 H_mcts=1.487 drop=+0.728
[worker 1] game 140 1-0 plies=61 time=65.5s H_prior=2.184 H_mcts=1.489 drop=+0.695
[worker 1] refreshed weights (mtime 1776843938)
[worker 1] game 141 1/2-1/2 plies=155 time=179.7s H_prior=1.808 H_mcts=1.231 drop=+0.577
[worker 1] game 142 1-0 plies=135 time=156.1s H_prior=1.773 H_mcts=1.237 drop=+0.536
[worker 1] refreshed weights (mtime 1776844250)
[worker 1] game 143 1-0 plies=121 time=138.7s H_prior=1.894 H_mcts=1.192 drop=+0.703
[worker 1] game 144 1/2-1/2 plies=70 time=69.5s H_prior=1.826 H_mcts=1.220 drop=+0.606
[worker 1] game 145 1-0 plies=181 time=229.8s H_prior=1.615 H_mcts=1.061 drop=+0.554
[worker 1] refreshed weights (mtime 1776844553)
[worker 1] game 146 0-1 plies=112 time=130.5s H_prior=1.931 H_mcts=1.361 drop=+0.570
[worker 1] refreshed weights (mtime 1776844837)
[worker 1] game 147 1-0 plies=57 time=57.2s H_prior=2.118 H_mcts=1.363 drop=+0.754
[worker 1] game 148 0-1 plies=22 time=21.6s H_prior=2.203 H_mcts=1.759 drop=+0.444
[worker 1] game 149 1/2-1/2 plies=142 time=154.2s H_prior=1.647 H_mcts=1.125 drop=+0.523
[worker 1] game 150 0-1 plies=96 time=102.4s H_prior=2.041 H_mcts=1.431 drop=+0.610
[worker 1] refreshed weights (mtime 1776845135)
[worker 1] game 151 1-0 plies=165 time=204.3s H_prior=1.755 H_mcts=1.240 drop=+0.514
[worker 1] game 152 0-1 plies=48 time=50.1s H_prior=1.963 H_mcts=1.429 drop=+0.534
[worker 1] refreshed weights (mtime 1776845440)
[worker 1] game 153 1/2-1/2 plies=149 time=165.2s H_prior=1.666 H_mcts=1.071 drop=+0.596
[worker 1] game 154 1-0 plies=31 time=31.4s H_prior=2.256 H_mcts=1.519 drop=+0.738
[worker 1] game 155 0-1 plies=104 time=121.0s H_prior=1.802 H_mcts=1.215 drop=+0.587
[worker 1] refreshed weights (mtime 1776845752)
[worker 1] game 156 0-1 plies=142 time=169.0s H_prior=1.671 H_mcts=1.151 drop=+0.521
[worker 1] game 157 1/2-1/2 plies=148 time=144.3s H_prior=1.517 H_mcts=1.047 drop=+0.470
[worker 1] refreshed weights (mtime 1776846060)
[worker 1] game 158 1/2-1/2 plies=99 time=107.0s H_prior=1.812 H_mcts=1.164 drop=+0.648
[worker 1] game 159 0-1 plies=76 time=80.3s H_prior=2.122 H_mcts=1.477 drop=+0.645
[worker 1] game 160 0-1 plies=56 time=61.7s H_prior=2.083 H_mcts=1.517 drop=+0.566
[worker 1] game 161 0-1 plies=104 time=119.2s H_prior=1.830 H_mcts=1.278 drop=+0.552
[worker 1] refreshed weights (mtime 1776846373)
[worker 1] game 162 1/2-1/2 plies=94 time=100.7s H_prior=1.896 H_mcts=1.201 drop=+0.695
[worker 1] game 163 1/2-1/2 plies=151 time=177.2s H_prior=1.857 H_mcts=1.303 drop=+0.553
[worker 1] refreshed weights (mtime 1776846643)
[worker 1] game 164 1/2-1/2 plies=174 time=194.5s H_prior=1.686 H_mcts=1.214 drop=+0.472
[worker 1] refreshed weights (mtime 1776846917)
[worker 1] game 165 0-1 plies=140 time=151.0s H_prior=1.620 H_mcts=1.107 drop=+0.513
[worker 1] game 166 1-0 plies=135 time=154.9s H_prior=1.843 H_mcts=1.215 drop=+0.627
[worker 1] refreshed weights (mtime 1776847211)
[worker 1] game 167 1/2-1/2 plies=213 time=281.4s H_prior=1.774 H_mcts=1.253 drop=+0.521
[worker 1] refreshed weights (mtime 1776847534)
[worker 1] game 168 0-1 plies=118 time=141.3s H_prior=1.842 H_mcts=1.374 drop=+0.469
[worker 1] game 169 0-1 plies=134 time=157.5s H_prior=1.714 H_mcts=1.187 drop=+0.527
[worker 1] game 170 0-1 plies=142 time=166.2s H_prior=1.754 H_mcts=1.270 drop=+0.484
[worker 1] refreshed weights (mtime 1776847844)
[worker 1] game 171 0-1 plies=170 time=203.7s H_prior=1.556 H_mcts=1.032 drop=+0.524
[worker 1] refreshed weights (mtime 1776848151)
[worker 1] game 172 0-1 plies=62 time=64.6s H_prior=2.110 H_mcts=1.394 drop=+0.716
[worker 1] game 173 1-0 plies=145 time=166.6s H_prior=1.740 H_mcts=1.225 drop=+0.515
[worker 1] game 174 0-1 plies=74 time=81.4s H_prior=2.164 H_mcts=1.591 drop=+0.572
[worker 1] refreshed weights (mtime 1776848463)
[worker 1] game 175 0-1 plies=64 time=65.6s H_prior=1.865 H_mcts=1.332 drop=+0.532
[worker 1] game 176 1/2-1/2 plies=222 time=309.4s H_prior=1.495 H_mcts=1.115 drop=+0.380
[worker 1] refreshed weights (mtime 1776848753)
[worker 1] game 177 1/2-1/2 plies=248 time=363.1s H_prior=1.641 H_mcts=1.199 drop=+0.443
[worker 1] refreshed weights (mtime 1776849048)
[worker 1] game 178 1-0 plies=105 time=126.5s H_prior=2.050 H_mcts=1.329 drop=+0.721
[worker 1] refreshed weights (mtime 1776849334)
[worker 1] game 179 1/2-1/2 plies=359 time=586.3s H_prior=1.492 H_mcts=1.118 drop=+0.373
[worker 1] refreshed weights (mtime 1776849933)
[worker 1] game 180 1/2-1/2 plies=170 time=206.8s H_prior=1.771 H_mcts=1.308 drop=+0.463
[worker 1] game 181 1/2-1/2 plies=139 time=147.2s H_prior=1.653 H_mcts=1.141 drop=+0.512
[worker 1] refreshed weights (mtime 1776850231)
[worker 1] game 182 1/2-1/2 plies=170 time=215.7s H_prior=1.697 H_mcts=1.247 drop=+0.450
[worker 1] refreshed weights (mtime 1776850541)
[worker 1] game 183 1-0 plies=111 time=120.8s H_prior=1.776 H_mcts=1.120 drop=+0.656
[worker 1] game 184 1-0 plies=31 time=31.7s H_prior=2.190 H_mcts=1.642 drop=+0.548
[worker 1] game 185 1-0 plies=71 time=78.3s H_prior=2.109 H_mcts=1.435 drop=+0.674
[worker 1] game 186 1-0 plies=207 time=261.5s H_prior=1.494 H_mcts=0.956 drop=+0.538
[worker 1] refreshed weights (mtime 1776850813)
[worker 1] game 187 1/2-1/2 plies=162 time=196.2s H_prior=1.627 H_mcts=1.135 drop=+0.491
[worker 1] refreshed weights (mtime 1776851108)
[worker 1] game 188 1-0 plies=177 time=217.4s H_prior=1.711 H_mcts=1.119 drop=+0.592
[worker 1] refreshed weights (mtime 1776851408)
[worker 1] game 189 0-1 plies=86 time=94.9s H_prior=1.824 H_mcts=1.304 drop=+0.520
[worker 1] game 190 0-1 plies=122 time=144.8s H_prior=1.822 H_mcts=1.156 drop=+0.666
[worker 1] refreshed weights (mtime 1776851689)
[worker 1] game 191 1-0 plies=51 time=54.5s H_prior=1.970 H_mcts=1.410 drop=+0.560
[worker 1] game 192 0-1 plies=132 time=150.4s H_prior=1.905 H_mcts=1.288 drop=+0.617
[worker 1] game 193 1/2-1/2 plies=176 time=216.9s H_prior=1.646 H_mcts=1.249 drop=+0.397
[worker 1] refreshed weights (mtime 1776851973)
[worker 1] game 194 1-0 plies=111 time=123.7s H_prior=1.800 H_mcts=1.055 drop=+0.745
[worker 1] game 195 1/2-1/2 plies=232 time=328.9s H_prior=1.665 H_mcts=1.135 drop=+0.530
[worker 1] refreshed weights (mtime 1776852565)
[worker 1] game 196 0-1 plies=46 time=48.4s H_prior=2.077 H_mcts=1.554 drop=+0.523
[worker 1] game 197 1/2-1/2 plies=224 time=277.4s H_prior=1.407 H_mcts=0.961 drop=+0.446
[worker 1] refreshed weights (mtime 1776852874)
[worker 1] game 198 0-1 plies=68 time=75.2s H_prior=1.963 H_mcts=1.331 drop=+0.632
[worker 1] game 199 1-0 plies=91 time=100.0s H_prior=2.056 H_mcts=1.301 drop=+0.755
[worker 1] game 200 1-0 plies=79 time=82.6s H_prior=1.793 H_mcts=1.265 drop=+0.528
[worker 1] game 201 1/2-1/2 plies=71 time=75.2s H_prior=1.952 H_mcts=1.223 drop=+0.730
[worker 1] refreshed weights (mtime 1776853195)
[worker 1] game 202 0-1 plies=32 time=34.1s H_prior=2.220 H_mcts=1.760 drop=+0.460
[worker 1] game 203 1-0 plies=27 time=28.0s H_prior=2.530 H_mcts=2.029 drop=+0.500
[worker 1] game 204 1/2-1/2 plies=148 time=180.7s H_prior=1.879 H_mcts=1.187 drop=+0.692
[worker 1] game 205 0-1 plies=82 time=91.1s H_prior=1.942 H_mcts=1.252 drop=+0.690
