[worker 3] waiting for initial weights...
[worker 3] ready on cuda:2
[worker 3] game 1 0-1 plies=88 time=69.9s H_prior=1.611 H_mcts=0.985 drop=+0.626
[worker 3] game 2 0-1 plies=106 time=83.1s H_prior=1.545 H_mcts=1.058 drop=+0.488
[worker 3] game 3 1-0 plies=61 time=45.0s H_prior=1.762 H_mcts=1.154 drop=+0.608
[worker 3] game 4 0-1 plies=102 time=85.6s H_prior=1.691 H_mcts=1.143 drop=+0.548
[worker 3] game 5 1-0 plies=205 time=182.3s H_prior=1.606 H_mcts=1.198 drop=+0.408
[worker 3] game 6 0-1 plies=128 time=103.0s H_prior=1.677 H_mcts=1.237 drop=+0.440
[worker 3] game 7 0-1 plies=120 time=95.2s H_prior=1.609 H_mcts=1.149 drop=+0.460
[worker 3] game 8 0-1 plies=82 time=63.9s H_prior=1.699 H_mcts=1.229 drop=+0.470
[worker 3] game 9 1-0 plies=91 time=69.7s H_prior=1.661 H_mcts=1.248 drop=+0.413
[worker 3] game 10 0-1 plies=92 time=69.7s H_prior=1.616 H_mcts=1.112 drop=+0.503
[worker 3] game 11 0-1 plies=134 time=106.1s H_prior=1.640 H_mcts=1.138 drop=+0.501
[worker 3] game 12 1-0 plies=65 time=48.3s H_prior=1.823 H_mcts=1.422 drop=+0.402
[worker 3] game 13 1-0 plies=131 time=108.5s H_prior=1.723 H_mcts=1.139 drop=+0.584
[worker 3] game 14 1/2-1/2 plies=122 time=84.8s H_prior=1.567 H_mcts=1.099 drop=+0.468
[worker 3] game 15 1-0 plies=57 time=45.3s H_prior=1.793 H_mcts=1.429 drop=+0.364
[worker 3] refreshed weights (mtime 1776821010)
[worker 3] game 16 0-1 plies=102 time=84.5s H_prior=1.943 H_mcts=1.457 drop=+0.486
[worker 3] game 17 1-0 plies=45 time=34.5s H_prior=2.036 H_mcts=1.514 drop=+0.522
[worker 3] game 18 0-1 plies=84 time=64.5s H_prior=1.812 H_mcts=1.314 drop=+0.498
[worker 3] game 19 0-1 plies=28 time=20.9s H_prior=2.065 H_mcts=1.780 drop=+0.285
[worker 3] game 20 1-0 plies=149 time=119.8s H_prior=1.570 H_mcts=1.093 drop=+0.477
[worker 3] refreshed weights (mtime 1776821362)
[worker 3] game 21 0-1 plies=142 time=120.6s H_prior=1.691 H_mcts=1.318 drop=+0.373
[worker 3] game 22 1-0 plies=39 time=27.3s H_prior=1.939 H_mcts=1.369 drop=+0.570
[worker 3] game 23 1-0 plies=57 time=43.1s H_prior=1.937 H_mcts=1.392 drop=+0.545
[worker 3] game 24 1-0 plies=89 time=68.4s H_prior=1.848 H_mcts=1.264 drop=+0.585
[worker 3] ready on cuda:1
[worker 3] game 1 1-0 plies=135 time=115.8s H_prior=1.684 H_mcts=1.232 drop=+0.453
[worker 3] game 2 1-0 plies=133 time=112.6s H_prior=1.548 H_mcts=1.116 drop=+0.432
[worker 3] game 3 1/2-1/2 plies=101 time=78.8s H_prior=1.693 H_mcts=1.021 drop=+0.672
[worker 3] game 4 1-0 plies=89 time=74.2s H_prior=1.580 H_mcts=1.003 drop=+0.576
[worker 3] game 5 1/2-1/2 plies=35 time=25.2s H_prior=1.674 H_mcts=1.244 drop=+0.430
[worker 3] game 6 0-1 plies=148 time=125.9s H_prior=1.719 H_mcts=1.234 drop=+0.485
[worker 3] game 7 1/2-1/2 plies=120 time=95.2s H_prior=1.539 H_mcts=0.936 drop=+0.603
[worker 3] ready on cuda:1
[worker 3] game 1 0-1 plies=114 time=100.1s H_prior=1.663 H_mcts=1.208 drop=+0.455
[worker 3] game 2 1-0 plies=229 time=221.8s H_prior=1.538 H_mcts=1.156 drop=+0.382
[worker 3] game 3 0-1 plies=62 time=41.5s H_prior=1.784 H_mcts=1.232 drop=+0.552
[worker 3] game 4 0-1 plies=48 time=35.5s H_prior=1.723 H_mcts=1.279 drop=+0.444
[worker 3] game 5 0-1 plies=84 time=66.1s H_prior=1.670 H_mcts=1.254 drop=+0.417
[worker 3] game 6 0-1 plies=168 time=145.8s H_prior=1.588 H_mcts=1.138 drop=+0.450
[worker 3] game 7 0-1 plies=104 time=86.2s H_prior=1.548 H_mcts=1.072 drop=+0.476
[worker 3] game 8 1-0 plies=59 time=44.0s H_prior=1.625 H_mcts=1.223 drop=+0.402
[worker 3] game 9 1-0 plies=57 time=41.1s H_prior=1.599 H_mcts=1.191 drop=+0.408
[worker 3] game 10 1-0 plies=89 time=74.5s H_prior=1.640 H_mcts=1.100 drop=+0.540
[worker 3] game 11 0-1 plies=110 time=87.6s H_prior=1.623 H_mcts=1.112 drop=+0.512
[worker 3] game 12 1-0 plies=43 time=30.8s H_prior=1.661 H_mcts=1.055 drop=+0.606
[worker 3] game 13 1/2-1/2 plies=159 time=137.3s H_prior=1.554 H_mcts=1.094 drop=+0.460
[worker 3] game 14 0-1 plies=54 time=41.2s H_prior=1.916 H_mcts=1.421 drop=+0.495
[worker 3] game 15 1-0 plies=25 time=19.5s H_prior=1.800 H_mcts=1.356 drop=+0.444
[worker 3] game 16 1-0 plies=125 time=103.3s H_prior=1.753 H_mcts=1.249 drop=+0.504
[worker 3] game 17 1/2-1/2 plies=193 time=202.3s H_prior=1.574 H_mcts=1.248 drop=+0.326
[worker 3] refreshed weights (mtime 1776823698)
[worker 3] ready on cuda:1
[worker 3] game 1 0-1 plies=76 time=75.6s H_prior=1.948 H_mcts=1.470 drop=+0.478
[worker 3] refreshed weights (mtime 1776823909)
[worker 3] game 2 1-0 plies=137 time=118.2s H_prior=1.488 H_mcts=1.162 drop=+0.326
[worker 3] game 3 1-0 plies=157 time=147.0s H_prior=1.588 H_mcts=1.126 drop=+0.461
[worker 3] game 4 0-1 plies=58 time=45.0s H_prior=1.701 H_mcts=1.148 drop=+0.553
[worker 3] ready on cuda:1
[worker 3] game 1 0-1 plies=128 time=149.2s H_prior=1.588 H_mcts=1.142 drop=+0.446
[worker 3] refreshed weights (mtime 1776824393)
[worker 3] game 2 1-0 plies=117 time=130.6s H_prior=1.681 H_mcts=1.359 drop=+0.322
[worker 3] game 3 1-0 plies=93 time=101.9s H_prior=1.727 H_mcts=1.269 drop=+0.458
[worker 3] game 4 1-0 plies=77 time=78.8s H_prior=1.703 H_mcts=1.209 drop=+0.494
[worker 3] game 5 0-1 plies=62 time=61.2s H_prior=1.631 H_mcts=0.996 drop=+0.635
[worker 3] refreshed weights (mtime 1776824873)
[worker 3] game 6 0-1 plies=58 time=61.1s H_prior=1.862 H_mcts=1.217 drop=+0.645
[worker 3] game 7 1/2-1/2 plies=184 time=212.7s H_prior=1.548 H_mcts=0.983 drop=+0.565
[worker 3] refreshed weights (mtime 1776825111)
[worker 3] game 8 0-1 plies=22 time=21.5s H_prior=2.347 H_mcts=2.016 drop=+0.331
[worker 3] game 9 0-1 plies=100 time=110.7s H_prior=1.828 H_mcts=1.470 drop=+0.358
[worker 3] game 10 1/2-1/2 plies=158 time=177.9s H_prior=1.727 H_mcts=1.172 drop=+0.555
[worker 3] refreshed weights (mtime 1776825388)
[worker 3] game 11 1-0 plies=129 time=145.3s H_prior=1.793 H_mcts=1.380 drop=+0.413
[worker 3] game 12 1-0 plies=131 time=144.6s H_prior=1.786 H_mcts=1.301 drop=+0.485
[worker 3] refreshed weights (mtime 1776825686)
[worker 3] game 13 0-1 plies=98 time=104.8s H_prior=1.991 H_mcts=1.434 drop=+0.557
[worker 3] game 14 0-1 plies=80 time=87.0s H_prior=1.921 H_mcts=1.400 drop=+0.521
[worker 3] refreshed weights (mtime 1776825951)
[worker 3] game 15 1/2-1/2 plies=129 time=140.2s H_prior=1.795 H_mcts=1.223 drop=+0.572
[worker 3] game 16 0-1 plies=186 time=221.9s H_prior=1.576 H_mcts=1.111 drop=+0.466
[worker 3] refreshed weights (mtime 1776826272)
[worker 3] game 17 0-1 plies=78 time=79.1s H_prior=1.915 H_mcts=1.241 drop=+0.674
[worker 3] game 18 0-1 plies=136 time=149.9s H_prior=1.691 H_mcts=1.198 drop=+0.493
[worker 3] game 19 1/2-1/2 plies=189 time=266.0s H_prior=1.737 H_mcts=1.161 drop=+0.576
[worker 3] refreshed weights (mtime 1776826579)
[worker 3] game 20 0-1 plies=100 time=110.1s H_prior=1.857 H_mcts=1.395 drop=+0.463
[worker 3] refreshed weights (mtime 1776826891)
[worker 3] game 21 1/2-1/2 plies=133 time=143.4s H_prior=1.798 H_mcts=1.252 drop=+0.546
[worker 3] game 22 1-0 plies=167 time=200.5s H_prior=1.695 H_mcts=1.200 drop=+0.495
[worker 3] refreshed weights (mtime 1776827182)
[worker 3] game 23 1-0 plies=107 time=120.1s H_prior=1.627 H_mcts=1.288 drop=+0.338
[worker 3] game 24 1-0 plies=123 time=142.9s H_prior=1.713 H_mcts=1.224 drop=+0.489
[worker 3] refreshed weights (mtime 1776827495)
[worker 3] game 25 1/2-1/2 plies=136 time=158.4s H_prior=1.975 H_mcts=1.436 drop=+0.539
[worker 3] game 26 0-1 plies=134 time=157.2s H_prior=1.664 H_mcts=1.222 drop=+0.442
[worker 3] refreshed weights (mtime 1776827791)
[worker 3] game 27 1-0 plies=95 time=100.5s H_prior=1.855 H_mcts=1.328 drop=+0.527
[worker 3] game 28 1/2-1/2 plies=138 time=153.0s H_prior=1.711 H_mcts=1.151 drop=+0.560
[worker 3] refreshed weights (mtime 1776828100)
[worker 3] game 29 1-0 plies=101 time=111.0s H_prior=1.800 H_mcts=1.389 drop=+0.411
[worker 3] game 30 1-0 plies=77 time=80.9s H_prior=1.966 H_mcts=1.398 drop=+0.568
[worker 3] game 31 0-1 plies=62 time=68.8s H_prior=2.096 H_mcts=1.575 drop=+0.521
[worker 3] game 32 1-0 plies=155 time=187.5s H_prior=1.786 H_mcts=1.097 drop=+0.689
[worker 3] refreshed weights (mtime 1776828383)
[worker 3] game 33 1/2-1/2 plies=101 time=104.0s H_prior=1.890 H_mcts=1.241 drop=+0.650
[worker 3] game 34 0-1 plies=116 time=134.4s H_prior=1.964 H_mcts=1.252 drop=+0.712
[worker 3] refreshed weights (mtime 1776828677)
[worker 3] game 35 1-0 plies=53 time=52.6s H_prior=1.757 H_mcts=1.213 drop=+0.544
[worker 3] game 36 1-0 plies=155 time=184.0s H_prior=1.736 H_mcts=1.275 drop=+0.461
[worker 3] refreshed weights (mtime 1776828978)
[worker 3] game 37 1/2-1/2 plies=84 time=89.8s H_prior=1.835 H_mcts=1.190 drop=+0.646
[worker 3] game 38 0-1 plies=86 time=96.4s H_prior=1.875 H_mcts=1.404 drop=+0.472
[worker 3] game 39 1/2-1/2 plies=139 time=157.3s H_prior=1.774 H_mcts=1.303 drop=+0.471
[worker 3] refreshed weights (mtime 1776829271)
[worker 3] game 40 1-0 plies=113 time=122.3s H_prior=1.725 H_mcts=1.186 drop=+0.539
[worker 3] game 41 0-1 plies=104 time=119.3s H_prior=2.220 H_mcts=1.550 drop=+0.670
[worker 3] refreshed weights (mtime 1776829577)
[worker 3] game 42 1-0 plies=135 time=153.4s H_prior=1.752 H_mcts=1.281 drop=+0.472
[worker 3] game 43 1-0 plies=93 time=103.4s H_prior=1.850 H_mcts=1.323 drop=+0.527
[worker 3] refreshed weights (mtime 1776829880)
[worker 3] game 44 1-0 plies=139 time=160.0s H_prior=1.817 H_mcts=1.247 drop=+0.570
[worker 3] game 45 1-0 plies=35 time=36.3s H_prior=2.272 H_mcts=1.726 drop=+0.546
[worker 3] game 46 1/2-1/2 plies=119 time=131.1s H_prior=1.949 H_mcts=1.337 drop=+0.612
[worker 3] refreshed weights (mtime 1776830182)
[worker 3] game 47 1-0 plies=35 time=35.3s H_prior=2.249 H_mcts=1.659 drop=+0.590
[worker 3] game 48 1-0 plies=41 time=41.7s H_prior=2.310 H_mcts=1.858 drop=+0.453
[worker 3] game 49 1/2-1/2 plies=82 time=81.1s H_prior=1.904 H_mcts=1.097 drop=+0.807
[worker 3] game 50 1-0 plies=89 time=96.2s H_prior=2.013 H_mcts=1.575 drop=+0.438
[worker 3] game 51 1-0 plies=73 time=79.6s H_prior=2.135 H_mcts=1.443 drop=+0.692
[worker 3] refreshed weights (mtime 1776830478)
[worker 3] game 52 0-1 plies=164 time=202.7s H_prior=1.652 H_mcts=1.019 drop=+0.632
[worker 3] game 53 0-1 plies=24 time=24.3s H_prior=2.485 H_mcts=1.926 drop=+0.558
[worker 3] game 54 1-0 plies=167 time=197.2s H_prior=1.703 H_mcts=1.297 drop=+0.407
[worker 3] refreshed weights (mtime 1776830777)
[worker 3] game 55 1-0 plies=113 time=126.3s H_prior=1.721 H_mcts=1.176 drop=+0.545
[worker 3] refreshed weights (mtime 1776831081)
[worker 3] game 56 1/2-1/2 plies=257 time=378.8s H_prior=1.652 H_mcts=1.308 drop=+0.345
[worker 3] refreshed weights (mtime 1776831360)
[worker 3] game 57 1-0 plies=25 time=25.6s H_prior=2.255 H_mcts=1.659 drop=+0.596
[worker 3] game 58 1-0 plies=37 time=37.8s H_prior=2.172 H_mcts=1.634 drop=+0.538
[worker 3] game 59 1-0 plies=69 time=73.0s H_prior=1.985 H_mcts=1.496 drop=+0.489
[worker 3] game 60 1-0 plies=155 time=190.9s H_prior=1.874 H_mcts=1.285 drop=+0.589
[worker 3] refreshed weights (mtime 1776831654)
[worker 3] game 61 0-1 plies=96 time=109.7s H_prior=2.022 H_mcts=1.413 drop=+0.608
[worker 3] game 62 1/2-1/2 plies=158 time=176.2s H_prior=1.678 H_mcts=1.110 drop=+0.568
[worker 3] refreshed weights (mtime 1776831944)
[worker 3] game 63 1-0 plies=145 time=161.3s H_prior=1.841 H_mcts=1.257 drop=+0.583
[worker 3] game 64 0-1 plies=76 time=84.5s H_prior=2.118 H_mcts=1.464 drop=+0.654
[worker 3] refreshed weights (mtime 1776832251)
[worker 3] game 65 1-0 plies=141 time=162.1s H_prior=1.768 H_mcts=1.338 drop=+0.430
[worker 3] game 66 1-0 plies=51 time=51.9s H_prior=2.125 H_mcts=1.645 drop=+0.480
[worker 3] game 67 0-1 plies=44 time=44.4s H_prior=2.135 H_mcts=1.465 drop=+0.670
[worker 3] refreshed weights (mtime 1776832553)
[worker 3] game 68 1/2-1/2 plies=121 time=130.3s H_prior=1.767 H_mcts=1.226 drop=+0.541
[worker 3] game 69 1-0 plies=61 time=63.2s H_prior=2.017 H_mcts=1.468 drop=+0.549
[worker 3] game 70 1/2-1/2 plies=132 time=147.1s H_prior=1.804 H_mcts=1.232 drop=+0.572
[worker 3] refreshed weights (mtime 1776832849)
[worker 3] game 71 1-0 plies=49 time=51.8s H_prior=2.316 H_mcts=1.769 drop=+0.546
[worker 3] game 72 1/2-1/2 plies=132 time=143.8s H_prior=1.782 H_mcts=1.048 drop=+0.734
[worker 3] refreshed weights (mtime 1776833128)
[worker 3] game 73 1-0 plies=239 time=340.5s H_prior=1.669 H_mcts=1.201 drop=+0.467
[worker 3] refreshed weights (mtime 1776833454)
[worker 3] game 74 1/2-1/2 plies=125 time=136.0s H_prior=1.795 H_mcts=1.152 drop=+0.642
[worker 3] game 75 1-0 plies=39 time=40.9s H_prior=2.110 H_mcts=1.429 drop=+0.681
[worker 3] game 76 1/2-1/2 plies=45 time=43.5s H_prior=2.134 H_mcts=1.417 drop=+0.716
[worker 3] game 77 1/2-1/2 plies=204 time=257.1s H_prior=1.795 H_mcts=1.200 drop=+0.594
[worker 3] refreshed weights (mtime 1776833746)
[worker 3] game 78 1-0 plies=31 time=30.9s H_prior=2.328 H_mcts=1.895 drop=+0.433
[worker 3] game 79 1-0 plies=63 time=65.8s H_prior=2.022 H_mcts=1.252 drop=+0.770
[worker 3] game 80 0-1 plies=58 time=61.7s H_prior=2.042 H_mcts=1.428 drop=+0.614
[worker 3] refreshed weights (mtime 1776834067)
[worker 3] game 81 1-0 plies=119 time=138.6s H_prior=1.848 H_mcts=1.180 drop=+0.668
[worker 3] game 82 1/2-1/2 plies=92 time=91.1s H_prior=1.697 H_mcts=0.968 drop=+0.729
[worker 3] game 83 1-0 plies=87 time=96.1s H_prior=2.036 H_mcts=1.303 drop=+0.732
[worker 3] refreshed weights (mtime 1776834351)
[worker 3] game 84 1-0 plies=229 time=297.0s H_prior=1.517 H_mcts=1.057 drop=+0.460
[worker 3] refreshed weights (mtime 1776834637)
[worker 3] game 85 0-1 plies=56 time=59.2s H_prior=2.074 H_mcts=1.569 drop=+0.505
[worker 3] game 86 0-1 plies=104 time=119.9s H_prior=1.858 H_mcts=1.203 drop=+0.654
[worker 3] game 87 0-1 plies=126 time=147.8s H_prior=1.898 H_mcts=1.297 drop=+0.600
[worker 3] refreshed weights (mtime 1776834940)
[worker 3] game 88 1/2-1/2 plies=150 time=174.1s H_prior=1.723 H_mcts=1.139 drop=+0.584
[worker 3] game 89 1-0 plies=51 time=51.9s H_prior=2.121 H_mcts=1.629 drop=+0.492
[worker 3] refreshed weights (mtime 1776835232)
[worker 3] game 90 0-1 plies=86 time=95.3s H_prior=1.881 H_mcts=1.412 drop=+0.469
[worker 3] game 91 1/2-1/2 plies=139 time=155.5s H_prior=1.934 H_mcts=1.286 drop=+0.648
[worker 3] game 92 1/2-1/2 plies=253 time=376.0s H_prior=1.699 H_mcts=1.330 drop=+0.369
[worker 3] refreshed weights (mtime 1776835857)
[worker 3] game 93 1-0 plies=89 time=93.5s H_prior=1.969 H_mcts=1.318 drop=+0.651
[worker 3] game 94 1-0 plies=89 time=99.0s H_prior=2.128 H_mcts=1.399 drop=+0.729
[worker 3] game 95 1/2-1/2 plies=146 time=163.4s H_prior=1.724 H_mcts=1.161 drop=+0.563
[worker 3] refreshed weights (mtime 1776836173)
[worker 3] game 96 1/2-1/2 plies=105 time=114.0s H_prior=1.837 H_mcts=1.082 drop=+0.755
[worker 3] game 97 1/2-1/2 plies=127 time=132.4s H_prior=1.567 H_mcts=0.950 drop=+0.617
[worker 3] refreshed weights (mtime 1776836471)
[worker 3] game 98 1/2-1/2 plies=103 time=110.3s H_prior=1.921 H_mcts=1.188 drop=+0.733
[worker 3] game 99 1/2-1/2 plies=258 time=382.2s H_prior=1.568 H_mcts=1.162 drop=+0.405
[worker 3] refreshed weights (mtime 1776836776)
[worker 3] game 100 1/2-1/2 plies=144 time=169.8s H_prior=1.709 H_mcts=1.208 drop=+0.501
[worker 3] refreshed weights (mtime 1776837084)
[worker 3] game 101 0-1 plies=140 time=159.5s H_prior=1.703 H_mcts=1.208 drop=+0.495
[worker 3] game 102 1/2-1/2 plies=141 time=160.9s H_prior=1.781 H_mcts=1.267 drop=+0.514
[worker 3] refreshed weights (mtime 1776837385)
[worker 3] game 103 1/2-1/2 plies=206 time=282.2s H_prior=1.779 H_mcts=1.300 drop=+0.480
[worker 3] refreshed weights (mtime 1776837697)
[worker 3] game 104 0-1 plies=68 time=70.3s H_prior=1.946 H_mcts=1.391 drop=+0.555
[worker 3] game 105 1/2-1/2 plies=192 time=239.1s H_prior=1.665 H_mcts=1.163 drop=+0.502
[worker 3] refreshed weights (mtime 1776837984)
[worker 3] game 106 0-1 plies=34 time=35.2s H_prior=2.277 H_mcts=1.617 drop=+0.660
[worker 3] game 107 1/2-1/2 plies=140 time=157.2s H_prior=1.851 H_mcts=1.283 drop=+0.568
[worker 3] refreshed weights (mtime 1776838278)
[worker 3] game 108 0-1 plies=60 time=60.8s H_prior=1.941 H_mcts=1.408 drop=+0.532
[worker 3] game 109 1-0 plies=129 time=149.8s H_prior=1.666 H_mcts=1.160 drop=+0.506
[worker 3] game 110 0-1 plies=180 time=216.6s H_prior=1.649 H_mcts=1.135 drop=+0.514
[worker 3] refreshed weights (mtime 1776838582)
[worker 3] game 111 0-1 plies=134 time=159.1s H_prior=1.781 H_mcts=1.313 drop=+0.468
[worker 3] refreshed weights (mtime 1776838864)
[worker 3] game 112 1/2-1/2 plies=126 time=149.9s H_prior=2.049 H_mcts=1.349 drop=+0.700
[worker 3] game 113 0-1 plies=130 time=150.0s H_prior=1.699 H_mcts=1.248 drop=+0.451
[worker 3] refreshed weights (mtime 1776839143)
[worker 3] game 114 0-1 plies=94 time=100.9s H_prior=1.934 H_mcts=1.241 drop=+0.694
[worker 3] game 115 1-0 plies=63 time=65.6s H_prior=1.975 H_mcts=1.486 drop=+0.489
[worker 3] game 116 0-1 plies=118 time=133.4s H_prior=1.749 H_mcts=1.344 drop=+0.406
[worker 3] refreshed weights (mtime 1776839443)
[worker 3] game 117 1-0 plies=35 time=36.2s H_prior=2.213 H_mcts=1.802 drop=+0.411
[worker 3] game 118 0-1 plies=128 time=141.8s H_prior=1.564 H_mcts=0.979 drop=+0.585
[worker 3] game 119 0-1 plies=122 time=137.6s H_prior=1.783 H_mcts=1.261 drop=+0.523
[worker 3] refreshed weights (mtime 1776839762)
[worker 3] game 120 1/2-1/2 plies=307 time=495.1s H_prior=1.611 H_mcts=1.284 drop=+0.327
[worker 3] refreshed weights (mtime 1776840064)
[worker 3] game 121 0-1 plies=64 time=67.7s H_prior=2.204 H_mcts=1.459 drop=+0.745
[worker 3] game 122 1-0 plies=55 time=57.4s H_prior=1.949 H_mcts=1.422 drop=+0.526
[worker 3] refreshed weights (mtime 1776840370)
[worker 3] game 123 1-0 plies=151 time=171.9s H_prior=1.625 H_mcts=1.098 drop=+0.527
[worker 3] game 124 0-1 plies=172 time=207.8s H_prior=1.636 H_mcts=1.076 drop=+0.560
[worker 3] refreshed weights (mtime 1776840666)
[worker 3] game 125 1/2-1/2 plies=132 time=112.4s H_prior=1.271 H_mcts=0.792 drop=+0.479
[worker 3] game 126 0-1 plies=64 time=69.0s H_prior=1.959 H_mcts=1.495 drop=+0.464
[worker 3] refreshed weights (mtime 1776840943)
[worker 3] game 127 1/2-1/2 plies=150 time=171.9s H_prior=1.775 H_mcts=1.142 drop=+0.633
[worker 3] game 128 1-0 plies=139 time=167.3s H_prior=1.823 H_mcts=1.263 drop=+0.560
[worker 3] refreshed weights (mtime 1776841239)
[worker 3] game 129 1-0 plies=79 time=84.2s H_prior=1.951 H_mcts=1.243 drop=+0.708
[worker 3] game 130 1-0 plies=121 time=134.4s H_prior=1.676 H_mcts=1.202 drop=+0.474
[worker 3] game 131 1/2-1/2 plies=109 time=115.5s H_prior=1.768 H_mcts=1.229 drop=+0.539
[worker 3] refreshed weights (mtime 1776841526)
[worker 3] game 132 1/2-1/2 plies=86 time=91.8s H_prior=2.125 H_mcts=1.256 drop=+0.869
[worker 3] game 133 1/2-1/2 plies=180 time=222.3s H_prior=1.584 H_mcts=1.028 drop=+0.556
[worker 3] refreshed weights (mtime 1776841810)
[worker 3] game 134 1/2-1/2 plies=108 time=118.6s H_prior=1.920 H_mcts=1.267 drop=+0.653
[worker 3] game 135 1-0 plies=29 time=29.0s H_prior=2.172 H_mcts=1.723 drop=+0.449
[worker 3] refreshed weights (mtime 1776842098)
[worker 3] game 136 1/2-1/2 plies=163 time=193.8s H_prior=1.750 H_mcts=1.188 drop=+0.562
[worker 3] game 137 0-1 plies=134 time=157.5s H_prior=1.754 H_mcts=1.194 drop=+0.560
[worker 3] refreshed weights (mtime 1776842408)
[worker 3] game 138 0-1 plies=42 time=44.0s H_prior=2.149 H_mcts=1.518 drop=+0.631
[worker 3] game 139 1/2-1/2 plies=164 time=199.5s H_prior=1.754 H_mcts=1.260 drop=+0.494
[worker 3] game 140 1/2-1/2 plies=108 time=124.5s H_prior=1.957 H_mcts=1.424 drop=+0.533
[worker 3] refreshed weights (mtime 1776842705)
[worker 3] game 141 0-1 plies=258 time=376.0s H_prior=1.550 H_mcts=1.098 drop=+0.452
[worker 3] refreshed weights (mtime 1776843013)
[worker 3] game 142 1/2-1/2 plies=110 time=126.3s H_prior=2.007 H_mcts=1.358 drop=+0.649
[worker 3] game 143 0-1 plies=154 time=180.2s H_prior=1.736 H_mcts=1.157 drop=+0.579
[worker 3] refreshed weights (mtime 1776843327)
[worker 3] game 144 1/2-1/2 plies=235 time=328.5s H_prior=1.612 H_mcts=1.105 drop=+0.507
[worker 3] refreshed weights (mtime 1776843636)
[worker 3] game 145 1-0 plies=119 time=135.6s H_prior=1.800 H_mcts=1.247 drop=+0.552
[worker 3] refreshed weights (mtime 1776843938)
[worker 3] game 146 1/2-1/2 plies=390 time=690.2s H_prior=1.535 H_mcts=1.191 drop=+0.344
[worker 3] refreshed weights (mtime 1776844553)
[worker 3] game 147 0-1 plies=26 time=26.9s H_prior=2.303 H_mcts=1.820 drop=+0.483
[worker 3] game 148 1/2-1/2 plies=137 time=161.1s H_prior=1.869 H_mcts=1.358 drop=+0.511
[worker 3] refreshed weights (mtime 1776844837)
[worker 3] game 149 1-0 plies=107 time=117.6s H_prior=1.980 H_mcts=1.551 drop=+0.429
[worker 3] game 150 0-1 plies=154 time=184.5s H_prior=1.896 H_mcts=1.338 drop=+0.558
[worker 3] refreshed weights (mtime 1776845135)
[worker 3] game 151 1/2-1/2 plies=96 time=100.1s H_prior=1.849 H_mcts=1.184 drop=+0.665
[worker 3] game 152 1/2-1/2 plies=129 time=139.6s H_prior=1.706 H_mcts=1.360 drop=+0.347
[worker 3] game 153 1-0 plies=107 time=115.5s H_prior=1.747 H_mcts=1.343 drop=+0.404
[worker 3] refreshed weights (mtime 1776845440)
[worker 3] game 154 1-0 plies=97 time=110.0s H_prior=1.822 H_mcts=1.399 drop=+0.423
[worker 3] game 155 0-1 plies=264 time=399.5s H_prior=1.685 H_mcts=1.219 drop=+0.466
[worker 3] refreshed weights (mtime 1776845752)
[worker 3] game 156 1-0 plies=45 time=42.4s H_prior=2.146 H_mcts=1.477 drop=+0.669
[worker 3] game 157 1/2-1/2 plies=185 time=242.3s H_prior=1.600 H_mcts=1.202 drop=+0.398
[worker 3] refreshed weights (mtime 1776846060)
[worker 3] game 158 0-1 plies=116 time=137.1s H_prior=1.857 H_mcts=1.184 drop=+0.673
[worker 3] refreshed weights (mtime 1776846373)
[worker 3] game 159 1/2-1/2 plies=117 time=121.3s H_prior=1.722 H_mcts=1.273 drop=+0.449
[worker 3] game 160 1-0 plies=175 time=214.2s H_prior=1.599 H_mcts=1.111 drop=+0.487
[worker 3] refreshed weights (mtime 1776846643)
[worker 3] game 161 0-1 plies=62 time=63.5s H_prior=2.060 H_mcts=1.511 drop=+0.549
[worker 3] game 162 0-1 plies=120 time=143.8s H_prior=1.902 H_mcts=1.250 drop=+0.652
[worker 3] refreshed weights (mtime 1776846917)
[worker 3] game 163 1-0 plies=107 time=121.3s H_prior=1.850 H_mcts=1.286 drop=+0.564
[worker 3] game 164 1-0 plies=113 time=124.7s H_prior=1.764 H_mcts=1.173 drop=+0.591
[worker 3] refreshed weights (mtime 1776847211)
[worker 3] game 165 1/2-1/2 plies=160 time=195.8s H_prior=1.887 H_mcts=1.225 drop=+0.663
[worker 3] game 166 0-1 plies=192 time=249.8s H_prior=1.655 H_mcts=1.127 drop=+0.528
[worker 3] refreshed weights (mtime 1776847534)
[worker 3] game 167 0-1 plies=64 time=73.2s H_prior=2.025 H_mcts=1.375 drop=+0.650
[worker 3] game 168 1-0 plies=129 time=146.7s H_prior=1.913 H_mcts=1.408 drop=+0.505
[worker 3] refreshed weights (mtime 1776847844)
[worker 3] game 169 0-1 plies=26 time=25.9s H_prior=2.207 H_mcts=1.731 drop=+0.476
[worker 3] game 170 1-0 plies=141 time=171.6s H_prior=1.896 H_mcts=1.324 drop=+0.571
[worker 3] game 171 1-0 plies=51 time=52.9s H_prior=1.998 H_mcts=1.530 drop=+0.468
[worker 3] game 172 0-1 plies=140 time=164.2s H_prior=1.933 H_mcts=1.207 drop=+0.725
[worker 3] refreshed weights (mtime 1776848151)
[worker 3] game 173 1-0 plies=265 time=389.3s H_prior=1.619 H_mcts=1.230 drop=+0.389
[worker 3] refreshed weights (mtime 1776848463)
[worker 3] game 174 1/2-1/2 plies=189 time=244.4s H_prior=1.718 H_mcts=1.199 drop=+0.519
[worker 3] refreshed weights (mtime 1776848753)
[worker 3] game 175 1/2-1/2 plies=182 time=226.6s H_prior=1.648 H_mcts=1.186 drop=+0.462
[worker 3] refreshed weights (mtime 1776849048)
[worker 3] game 176 1/2-1/2 plies=125 time=121.7s H_prior=1.614 H_mcts=1.038 drop=+0.576
[worker 3] game 177 1-0 plies=169 time=201.4s H_prior=1.516 H_mcts=1.042 drop=+0.475
[worker 3] refreshed weights (mtime 1776849334)
[worker 3] game 178 1-0 plies=21 time=19.6s H_prior=2.366 H_mcts=1.825 drop=+0.540
[worker 3] game 179 0-1 plies=142 time=165.5s H_prior=1.760 H_mcts=1.171 drop=+0.589
[worker 3] refreshed weights (mtime 1776849618)
[worker 3] game 180 1-0 plies=101 time=110.6s H_prior=1.831 H_mcts=1.317 drop=+0.514
[worker 3] game 181 0-1 plies=122 time=138.3s H_prior=1.768 H_mcts=1.231 drop=+0.537
[worker 3] game 182 1/2-1/2 plies=134 time=147.5s H_prior=1.766 H_mcts=1.161 drop=+0.605
[worker 3] refreshed weights (mtime 1776849933)
[worker 3] game 183 1-0 plies=57 time=58.6s H_prior=1.887 H_mcts=1.254 drop=+0.633
[worker 3] game 184 1/2-1/2 plies=54 time=53.1s H_prior=2.055 H_mcts=1.556 drop=+0.499
[worker 3] game 185 0-1 plies=24 time=24.0s H_prior=2.259 H_mcts=1.613 drop=+0.646
[worker 3] game 186 1-0 plies=161 time=195.6s H_prior=1.553 H_mcts=0.994 drop=+0.559
[worker 3] refreshed weights (mtime 1776850231)
[worker 3] game 187 1-0 plies=71 time=78.6s H_prior=2.135 H_mcts=1.416 drop=+0.719
[worker 3] game 188 0-1 plies=154 time=190.6s H_prior=1.813 H_mcts=1.202 drop=+0.611
[worker 3] refreshed weights (mtime 1776850541)
[worker 3] game 189 1/2-1/2 plies=112 time=125.3s H_prior=1.888 H_mcts=1.256 drop=+0.632
[worker 3] game 190 1/2-1/2 plies=257 time=391.6s H_prior=1.486 H_mcts=1.044 drop=+0.442
[worker 3] refreshed weights (mtime 1776851108)
[worker 3] game 191 1-0 plies=117 time=134.6s H_prior=1.770 H_mcts=1.252 drop=+0.518
[worker 3] game 192 0-1 plies=50 time=54.5s H_prior=2.062 H_mcts=1.444 drop=+0.619
[worker 3] game 193 0-1 plies=120 time=138.9s H_prior=1.680 H_mcts=1.147 drop=+0.533
[worker 3] refreshed weights (mtime 1776851408)
[worker 3] game 194 0-1 plies=174 time=212.5s H_prior=1.630 H_mcts=1.096 drop=+0.534
[worker 3] refreshed weights (mtime 1776851689)
[worker 3] game 195 1/2-1/2 plies=170 time=213.8s H_prior=1.608 H_mcts=1.237 drop=+0.371
[worker 3] game 196 1/2-1/2 plies=135 time=134.5s H_prior=1.470 H_mcts=0.999 drop=+0.471
[worker 3] refreshed weights (mtime 1776851973)
[worker 3] game 197 1-0 plies=73 time=71.7s H_prior=2.006 H_mcts=1.231 drop=+0.775
[worker 3] game 198 0-1 plies=56 time=61.2s H_prior=2.154 H_mcts=1.704 drop=+0.449
[worker 3] game 199 1/2-1/2 plies=209 time=249.5s H_prior=1.494 H_mcts=1.111 drop=+0.383
[worker 3] refreshed weights (mtime 1776852279)
[worker 3] game 200 1-0 plies=57 time=61.5s H_prior=2.019 H_mcts=1.412 drop=+0.607
[worker 3] game 201 1-0 plies=65 time=68.0s H_prior=2.211 H_mcts=1.411 drop=+0.799
[worker 3] refreshed weights (mtime 1776852565)
[worker 3] game 202 1-0 plies=207 time=276.7s H_prior=1.842 H_mcts=1.186 drop=+0.656
[worker 3] game 203 1/2-1/2 plies=81 time=86.3s H_prior=1.941 H_mcts=1.252 drop=+0.688
[worker 3] refreshed weights (mtime 1776852874)
[worker 3] game 204 0-1 plies=112 time=120.1s H_prior=1.693 H_mcts=1.139 drop=+0.554
[worker 3] game 205 1-0 plies=43 time=44.0s H_prior=2.014 H_mcts=1.515 drop=+0.498
[worker 3] game 206 1-0 plies=97 time=103.9s H_prior=1.966 H_mcts=1.438 drop=+0.528
[worker 3] refreshed weights (mtime 1776853195)
[worker 3] game 207 0-1 plies=130 time=157.0s H_prior=1.806 H_mcts=1.252 drop=+0.554
[worker 3] game 208 1-0 plies=91 time=175.0s H_prior=1.849 H_mcts=1.359 drop=+0.489
[worker 3] game 209 0-1 plies=82 time=160.5s H_prior=1.989 H_mcts=1.444 drop=+0.545
[worker 3] game 210 0-1 plies=72 time=112.0s H_prior=1.971 H_mcts=1.451 drop=+0.520
