[worker 8] waiting for initial weights...
[worker 8] ready on cuda:4
[worker 8] game 1 0-1 plies=76 time=59.3s H_prior=1.641 H_mcts=1.113 drop=+0.528
[worker 8] game 2 1/2-1/2 plies=223 time=199.7s H_prior=1.548 H_mcts=1.103 drop=+0.445
[worker 8] game 3 0-1 plies=120 time=95.7s H_prior=1.743 H_mcts=1.297 drop=+0.447
[worker 8] game 4 1-0 plies=57 time=39.4s H_prior=1.757 H_mcts=1.350 drop=+0.407
[worker 8] game 5 0-1 plies=130 time=109.4s H_prior=1.680 H_mcts=1.217 drop=+0.464
[worker 8] game 6 1/2-1/2 plies=88 time=62.1s H_prior=1.575 H_mcts=0.926 drop=+0.649
[worker 8] game 7 1-0 plies=23 time=16.4s H_prior=1.946 H_mcts=1.446 drop=+0.500
[worker 8] game 8 0-1 plies=124 time=99.7s H_prior=1.719 H_mcts=1.106 drop=+0.614
[worker 8] game 9 1-0 plies=165 time=144.4s H_prior=1.588 H_mcts=1.082 drop=+0.507
[worker 8] game 10 1/2-1/2 plies=141 time=116.3s H_prior=1.664 H_mcts=1.102 drop=+0.563
[worker 8] game 11 0-1 plies=224 time=220.6s H_prior=1.747 H_mcts=1.335 drop=+0.412
[worker 8] game 12 0-1 plies=134 time=112.0s H_prior=1.625 H_mcts=1.211 drop=+0.414
[worker 8] refreshed weights (mtime 1776821010)
[worker 8] game 13 1-0 plies=139 time=117.3s H_prior=1.714 H_mcts=1.120 drop=+0.594
[worker 8] game 14 1-0 plies=185 time=165.6s H_prior=1.714 H_mcts=1.023 drop=+0.692
[worker 8] game 15 0-1 plies=78 time=58.0s H_prior=1.753 H_mcts=1.428 drop=+0.325
[worker 8] refreshed weights (mtime 1776821362)
[worker 8] game 16 0-1 plies=96 time=78.3s H_prior=1.766 H_mcts=1.195 drop=+0.570
[worker 8] game 17 1/2-1/2 plies=141 time=114.3s H_prior=1.759 H_mcts=1.225 drop=+0.533
[worker 8] ready on cuda:2
[worker 8] game 1 0-1 plies=164 time=154.7s H_prior=1.715 H_mcts=1.222 drop=+0.493
[worker 8] game 2 1-0 plies=81 time=65.5s H_prior=1.764 H_mcts=1.094 drop=+0.669
[worker 8] game 3 0-1 plies=152 time=134.3s H_prior=1.630 H_mcts=1.170 drop=+0.461
[worker 8] game 4 0-1 plies=92 time=75.3s H_prior=1.690 H_mcts=1.267 drop=+0.423
[worker 8] game 5 1/2-1/2 plies=213 time=221.9s H_prior=1.611 H_mcts=1.262 drop=+0.349
[worker 8] ready on cuda:2
[worker 8] game 1 1/2-1/2 plies=99 time=78.2s H_prior=1.572 H_mcts=1.002 drop=+0.570
[worker 8] game 2 1/2-1/2 plies=83 time=66.3s H_prior=1.633 H_mcts=1.016 drop=+0.617
[worker 8] game 3 0-1 plies=244 time=250.3s H_prior=1.557 H_mcts=1.155 drop=+0.402
[worker 8] game 4 0-1 plies=120 time=102.1s H_prior=1.617 H_mcts=1.204 drop=+0.412
[worker 8] game 5 1-0 plies=103 time=81.7s H_prior=1.702 H_mcts=1.164 drop=+0.538
[worker 8] game 6 0-1 plies=102 time=86.5s H_prior=1.712 H_mcts=1.236 drop=+0.476
[worker 8] game 7 0-1 plies=108 time=91.7s H_prior=1.701 H_mcts=1.216 drop=+0.486
[worker 8] game 8 0-1 plies=136 time=122.2s H_prior=1.650 H_mcts=1.230 drop=+0.420
[worker 8] game 9 1-0 plies=109 time=93.3s H_prior=1.650 H_mcts=1.145 drop=+0.505
[worker 8] game 10 0-1 plies=112 time=93.5s H_prior=1.681 H_mcts=1.212 drop=+0.468
[worker 8] game 11 1-0 plies=87 time=71.1s H_prior=1.812 H_mcts=1.446 drop=+0.367
[worker 8] game 12 1-0 plies=133 time=114.2s H_prior=1.656 H_mcts=1.085 drop=+0.571
[worker 8] ready on cuda:1
[worker 8] game 1 1-0 plies=89 time=78.6s H_prior=1.790 H_mcts=1.235 drop=+0.555
[worker 8] refreshed weights (mtime 1776823909)
[worker 8] game 2 0-1 plies=80 time=68.0s H_prior=1.725 H_mcts=1.287 drop=+0.438
[worker 8] game 3 1-0 plies=29 time=22.4s H_prior=1.782 H_mcts=1.567 drop=+0.215
[worker 8] game 4 1-0 plies=77 time=64.2s H_prior=1.803 H_mcts=1.283 drop=+0.520
[worker 8] game 5 0-1 plies=86 time=73.1s H_prior=1.681 H_mcts=1.107 drop=+0.573
[worker 8] ready on cuda:1
[worker 8] game 1 1-0 plies=75 time=86.1s H_prior=1.697 H_mcts=1.199 drop=+0.498
[worker 8] refreshed weights (mtime 1776824393)
[worker 8] game 2 0-1 plies=146 time=162.0s H_prior=1.558 H_mcts=0.998 drop=+0.560
[worker 8] game 3 0-1 plies=120 time=133.4s H_prior=1.739 H_mcts=1.226 drop=+0.513
[worker 8] game 4 1-0 plies=113 time=129.3s H_prior=1.792 H_mcts=1.396 drop=+0.396
[worker 8] refreshed weights (mtime 1776824873)
[worker 8] game 5 0-1 plies=28 time=26.6s H_prior=2.223 H_mcts=1.694 drop=+0.529
[worker 8] game 6 1/2-1/2 plies=209 time=301.5s H_prior=1.779 H_mcts=1.354 drop=+0.425
[worker 8] refreshed weights (mtime 1776825111)
[worker 8] game 7 0-1 plies=134 time=158.2s H_prior=1.877 H_mcts=1.177 drop=+0.700
[worker 8] game 8 0-1 plies=60 time=61.0s H_prior=2.023 H_mcts=1.507 drop=+0.516
[worker 8] refreshed weights (mtime 1776825388)
[worker 8] game 9 1/2-1/2 plies=69 time=72.8s H_prior=2.028 H_mcts=1.263 drop=+0.765
[worker 8] game 10 0-1 plies=102 time=113.0s H_prior=1.772 H_mcts=1.255 drop=+0.517
[worker 8] game 11 0-1 plies=120 time=137.2s H_prior=1.861 H_mcts=1.437 drop=+0.423
[worker 8] refreshed weights (mtime 1776825686)
[worker 8] game 12 1/2-1/2 plies=97 time=104.3s H_prior=2.010 H_mcts=1.286 drop=+0.724
[worker 8] game 13 0-1 plies=82 time=92.2s H_prior=2.159 H_mcts=1.596 drop=+0.563
[worker 8] refreshed weights (mtime 1776825951)
[worker 8] game 14 0-1 plies=42 time=41.9s H_prior=1.967 H_mcts=1.438 drop=+0.529
[worker 8] game 15 0-1 plies=94 time=101.6s H_prior=1.946 H_mcts=1.189 drop=+0.757
[worker 8] game 16 0-1 plies=114 time=126.7s H_prior=1.755 H_mcts=1.299 drop=+0.455
[worker 8] game 17 1-0 plies=27 time=27.0s H_prior=2.528 H_mcts=1.862 drop=+0.666
[worker 8] game 18 0-1 plies=62 time=68.1s H_prior=2.153 H_mcts=1.613 drop=+0.540
[worker 8] refreshed weights (mtime 1776826272)
[worker 8] game 19 1-0 plies=29 time=27.5s H_prior=2.113 H_mcts=1.383 drop=+0.730
[worker 8] game 20 0-1 plies=26 time=26.1s H_prior=1.936 H_mcts=1.465 drop=+0.471
[worker 8] game 21 0-1 plies=48 time=50.3s H_prior=2.143 H_mcts=1.453 drop=+0.690
[worker 8] game 22 1-0 plies=237 time=335.1s H_prior=1.742 H_mcts=1.297 drop=+0.445
[worker 8] refreshed weights (mtime 1776826579)
[worker 8] game 23 1-0 plies=115 time=122.7s H_prior=1.801 H_mcts=1.119 drop=+0.682
[worker 8] refreshed weights (mtime 1776826891)
[worker 8] game 24 1/2-1/2 plies=56 time=59.7s H_prior=2.221 H_mcts=1.478 drop=+0.743
[worker 8] game 25 0-1 plies=114 time=127.6s H_prior=1.756 H_mcts=1.156 drop=+0.599
[worker 8] game 26 0-1 plies=26 time=25.4s H_prior=2.220 H_mcts=1.483 drop=+0.737
[worker 8] game 27 0-1 plies=140 time=166.2s H_prior=1.874 H_mcts=1.384 drop=+0.489
[worker 8] refreshed weights (mtime 1776827182)
[worker 8] game 28 1-0 plies=119 time=140.0s H_prior=2.052 H_mcts=1.335 drop=+0.717
[worker 8] game 29 1/2-1/2 plies=61 time=57.3s H_prior=2.102 H_mcts=1.341 drop=+0.761
[worker 8] game 30 0-1 plies=66 time=70.3s H_prior=2.155 H_mcts=1.531 drop=+0.624
[worker 8] refreshed weights (mtime 1776827495)
[worker 8] game 31 0-1 plies=78 time=85.7s H_prior=2.093 H_mcts=1.377 drop=+0.716
[worker 8] game 32 1/2-1/2 plies=110 time=123.4s H_prior=2.038 H_mcts=1.376 drop=+0.662
[worker 8] game 33 1/2-1/2 plies=51 time=49.7s H_prior=1.989 H_mcts=1.198 drop=+0.790
[worker 8] refreshed weights (mtime 1776827791)
[worker 8] game 34 1/2-1/2 plies=265 time=393.1s H_prior=1.670 H_mcts=1.196 drop=+0.475
[worker 8] refreshed weights (mtime 1776828100)
[worker 8] game 35 0-1 plies=40 time=38.7s H_prior=2.189 H_mcts=1.601 drop=+0.588
[worker 8] game 36 1-0 plies=139 time=149.7s H_prior=1.657 H_mcts=1.103 drop=+0.554
[worker 8] game 37 1-0 plies=59 time=60.5s H_prior=2.127 H_mcts=1.722 drop=+0.405
[worker 8] refreshed weights (mtime 1776828383)
[worker 8] game 38 0-1 plies=146 time=160.2s H_prior=1.480 H_mcts=1.028 drop=+0.452
[worker 8] game 39 1/2-1/2 plies=191 time=230.8s H_prior=1.704 H_mcts=1.282 drop=+0.422
[worker 8] refreshed weights (mtime 1776828677)
[worker 8] game 40 1/2-1/2 plies=155 time=163.9s H_prior=1.653 H_mcts=0.999 drop=+0.654
[worker 8] refreshed weights (mtime 1776828978)
[worker 8] game 41 1-0 plies=113 time=126.0s H_prior=1.744 H_mcts=1.236 drop=+0.508
[worker 8] game 42 0-1 plies=108 time=126.7s H_prior=1.919 H_mcts=1.345 drop=+0.574
[worker 8] game 43 0-1 plies=82 time=91.9s H_prior=2.086 H_mcts=1.571 drop=+0.515
[worker 8] refreshed weights (mtime 1776829271)
[worker 8] game 44 1/2-1/2 plies=155 time=174.6s H_prior=1.612 H_mcts=0.987 drop=+0.625
[worker 8] game 45 0-1 plies=48 time=52.5s H_prior=2.296 H_mcts=1.495 drop=+0.801
[worker 8] game 46 1-0 plies=113 time=124.0s H_prior=1.785 H_mcts=1.275 drop=+0.511
[worker 8] refreshed weights (mtime 1776829577)
[worker 8] game 47 1/2-1/2 plies=90 time=99.2s H_prior=1.988 H_mcts=1.224 drop=+0.764
[worker 8] game 48 1-0 plies=117 time=139.9s H_prior=1.837 H_mcts=1.124 drop=+0.713
[worker 8] refreshed weights (mtime 1776829880)
[worker 8] game 49 0-1 plies=78 time=81.9s H_prior=1.793 H_mcts=1.191 drop=+0.602
[worker 8] game 50 0-1 plies=130 time=153.6s H_prior=1.758 H_mcts=1.196 drop=+0.563
[worker 8] game 51 0-1 plies=92 time=105.1s H_prior=2.052 H_mcts=1.318 drop=+0.734
[worker 8] refreshed weights (mtime 1776830182)
[worker 8] game 52 1/2-1/2 plies=154 time=183.8s H_prior=1.820 H_mcts=1.160 drop=+0.660
[worker 8] game 53 0-1 plies=144 time=177.6s H_prior=1.944 H_mcts=1.494 drop=+0.450
[worker 8] refreshed weights (mtime 1776830478)
[worker 8] game 54 0-1 plies=196 time=241.0s H_prior=1.711 H_mcts=1.115 drop=+0.597
[worker 8] refreshed weights (mtime 1776830777)
[worker 8] game 55 0-1 plies=22 time=21.7s H_prior=2.318 H_mcts=2.014 drop=+0.304
[worker 8] game 56 1/2-1/2 plies=141 time=160.2s H_prior=1.534 H_mcts=0.919 drop=+0.614
[worker 8] game 57 1/2-1/2 plies=112 time=123.4s H_prior=1.957 H_mcts=1.323 drop=+0.634
[worker 8] refreshed weights (mtime 1776831081)
[worker 8] game 58 1/2-1/2 plies=271 time=406.6s H_prior=1.542 H_mcts=1.165 drop=+0.377
[worker 8] refreshed weights (mtime 1776831360)
[worker 8] game 59 0-1 plies=118 time=141.3s H_prior=2.015 H_mcts=1.444 drop=+0.571
[worker 8] refreshed weights (mtime 1776831654)
[worker 8] game 60 1/2-1/2 plies=151 time=178.9s H_prior=1.779 H_mcts=1.142 drop=+0.637
[worker 8] game 61 1-0 plies=103 time=118.6s H_prior=1.966 H_mcts=1.240 drop=+0.726
[worker 8] refreshed weights (mtime 1776831944)
[worker 8] game 62 0-1 plies=154 time=185.2s H_prior=1.586 H_mcts=1.135 drop=+0.451
[worker 8] game 63 1/2-1/2 plies=126 time=133.5s H_prior=1.769 H_mcts=1.293 drop=+0.475
[worker 8] refreshed weights (mtime 1776832251)
[worker 8] game 64 1-0 plies=93 time=99.9s H_prior=1.950 H_mcts=1.146 drop=+0.804
[worker 8] game 65 0-1 plies=96 time=107.0s H_prior=1.966 H_mcts=1.333 drop=+0.633
[worker 8] game 66 1/2-1/2 plies=187 time=239.5s H_prior=1.711 H_mcts=1.164 drop=+0.547
[worker 8] refreshed weights (mtime 1776832553)
[worker 8] game 67 1-0 plies=93 time=106.1s H_prior=1.972 H_mcts=1.200 drop=+0.773
[worker 8] refreshed weights (mtime 1776832849)
[worker 8] game 68 1/2-1/2 plies=235 time=327.6s H_prior=1.751 H_mcts=1.203 drop=+0.548
[worker 8] refreshed weights (mtime 1776833128)
[worker 8] game 69 1-0 plies=153 time=187.6s H_prior=1.676 H_mcts=1.143 drop=+0.533
[worker 8] game 70 0-1 plies=46 time=49.3s H_prior=2.074 H_mcts=1.647 drop=+0.427
[worker 8] refreshed weights (mtime 1776833454)
[worker 8] game 71 0-1 plies=108 time=123.0s H_prior=1.901 H_mcts=1.179 drop=+0.722
[worker 8] game 72 1-0 plies=93 time=100.5s H_prior=1.955 H_mcts=1.406 drop=+0.549
[worker 8] game 73 0-1 plies=116 time=127.6s H_prior=1.693 H_mcts=1.171 drop=+0.522
[worker 8] refreshed weights (mtime 1776833746)
[worker 8] game 74 0-1 plies=100 time=112.3s H_prior=1.761 H_mcts=1.257 drop=+0.504
[worker 8] game 75 1/2-1/2 plies=176 time=196.6s H_prior=1.542 H_mcts=1.029 drop=+0.514
[worker 8] refreshed weights (mtime 1776834067)
[worker 8] game 76 0-1 plies=40 time=40.1s H_prior=2.135 H_mcts=1.595 drop=+0.540
[worker 8] game 77 1-0 plies=95 time=100.8s H_prior=1.720 H_mcts=1.290 drop=+0.430
[worker 8] game 78 1/2-1/2 plies=145 time=171.8s H_prior=1.738 H_mcts=1.138 drop=+0.600
[worker 8] refreshed weights (mtime 1776834351)
[worker 8] game 79 1-0 plies=23 time=22.9s H_prior=2.218 H_mcts=1.649 drop=+0.569
[worker 8] game 80 1-0 plies=65 time=73.2s H_prior=2.229 H_mcts=1.521 drop=+0.707
[worker 8] game 81 1/2-1/2 plies=128 time=149.5s H_prior=2.099 H_mcts=1.551 drop=+0.548
[worker 8] refreshed weights (mtime 1776834637)
[worker 8] game 82 1/2-1/2 plies=98 time=105.6s H_prior=2.063 H_mcts=1.421 drop=+0.643
[worker 8] game 83 1-0 plies=127 time=151.1s H_prior=2.064 H_mcts=1.644 drop=+0.420
[worker 8] game 84 1-0 plies=67 time=71.7s H_prior=2.088 H_mcts=1.489 drop=+0.599
[worker 8] refreshed weights (mtime 1776834940)
[worker 8] game 85 1-0 plies=129 time=151.9s H_prior=1.769 H_mcts=1.285 drop=+0.484
[worker 8] game 86 1/2-1/2 plies=91 time=97.6s H_prior=1.954 H_mcts=1.257 drop=+0.697
[worker 8] refreshed weights (mtime 1776835232)
[worker 8] game 87 0-1 plies=128 time=140.6s H_prior=1.752 H_mcts=1.069 drop=+0.684
[worker 8] game 88 1-0 plies=67 time=71.4s H_prior=1.985 H_mcts=1.433 drop=+0.552
[worker 8] game 89 1-0 plies=31 time=32.1s H_prior=2.254 H_mcts=1.620 drop=+0.634
[worker 8] game 90 0-1 plies=120 time=128.6s H_prior=1.815 H_mcts=1.224 drop=+0.591
[worker 8] refreshed weights (mtime 1776835553)
[worker 8] game 91 1-0 plies=159 time=186.9s H_prior=1.776 H_mcts=1.269 drop=+0.508
[worker 8] game 92 0-1 plies=98 time=106.6s H_prior=1.834 H_mcts=1.229 drop=+0.605
[worker 8] refreshed weights (mtime 1776835857)
[worker 8] game 93 0-1 plies=228 time=290.2s H_prior=1.529 H_mcts=1.076 drop=+0.453
[worker 8] refreshed weights (mtime 1776836173)
[worker 8] game 94 1-0 plies=187 time=239.3s H_prior=1.556 H_mcts=1.088 drop=+0.468
[worker 8] game 95 1/2-1/2 plies=157 time=177.5s H_prior=1.689 H_mcts=1.223 drop=+0.466
[worker 8] refreshed weights (mtime 1776836471)
[worker 8] game 96 1-0 plies=77 time=82.4s H_prior=2.107 H_mcts=1.595 drop=+0.512
[worker 8] game 97 1/2-1/2 plies=142 time=160.9s H_prior=1.698 H_mcts=1.257 drop=+0.442
[worker 8] refreshed weights (mtime 1776836776)
[worker 8] game 98 0-1 plies=28 time=28.6s H_prior=2.311 H_mcts=1.939 drop=+0.372
[worker 8] game 99 1/2-1/2 plies=185 time=220.9s H_prior=1.624 H_mcts=1.136 drop=+0.488
[worker 8] refreshed weights (mtime 1776837084)
[worker 8] game 100 0-1 plies=160 time=193.3s H_prior=1.910 H_mcts=1.266 drop=+0.645
[worker 8] game 101 0-1 plies=210 time=272.2s H_prior=1.748 H_mcts=1.257 drop=+0.492
[worker 8] refreshed weights (mtime 1776837385)
[worker 8] game 102 0-1 plies=64 time=69.3s H_prior=2.108 H_mcts=1.650 drop=+0.457
[worker 8] game 103 0-1 plies=30 time=30.2s H_prior=2.197 H_mcts=1.670 drop=+0.527
[worker 8] game 104 0-1 plies=250 time=351.5s H_prior=1.566 H_mcts=1.159 drop=+0.407
[worker 8] refreshed weights (mtime 1776837984)
[worker 8] game 105 0-1 plies=126 time=143.2s H_prior=1.699 H_mcts=1.210 drop=+0.489
[worker 8] game 106 1/2-1/2 plies=129 time=147.4s H_prior=1.890 H_mcts=1.373 drop=+0.516
[worker 8] refreshed weights (mtime 1776838278)
[worker 8] game 107 1-0 plies=127 time=147.2s H_prior=1.892 H_mcts=1.309 drop=+0.582
[worker 8] game 108 1-0 plies=85 time=88.6s H_prior=1.948 H_mcts=1.313 drop=+0.635
[worker 8] game 109 1-0 plies=85 time=96.9s H_prior=1.932 H_mcts=1.331 drop=+0.602
[worker 8] refreshed weights (mtime 1776838582)
[worker 8] game 110 1-0 plies=75 time=80.6s H_prior=1.779 H_mcts=1.276 drop=+0.503
[worker 8] game 111 1/2-1/2 plies=118 time=125.6s H_prior=1.764 H_mcts=1.054 drop=+0.710
[worker 8] refreshed weights (mtime 1776838864)
[worker 8] game 112 0-1 plies=30 time=31.8s H_prior=2.226 H_mcts=1.639 drop=+0.588
[worker 8] game 113 0-1 plies=128 time=147.5s H_prior=1.796 H_mcts=1.185 drop=+0.611
[worker 8] game 114 1-0 plies=65 time=70.8s H_prior=2.185 H_mcts=1.610 drop=+0.575
[worker 8] game 115 1-0 plies=67 time=66.7s H_prior=2.011 H_mcts=1.354 drop=+0.657
[worker 8] refreshed weights (mtime 1776839143)
[worker 8] game 116 0-1 plies=108 time=125.1s H_prior=1.935 H_mcts=1.297 drop=+0.638
[worker 8] game 117 0-1 plies=82 time=84.4s H_prior=1.977 H_mcts=1.435 drop=+0.542
[worker 8] game 118 1/2-1/2 plies=170 time=193.5s H_prior=1.718 H_mcts=1.147 drop=+0.571
[worker 8] refreshed weights (mtime 1776839443)
[worker 8] game 119 1-0 plies=77 time=83.8s H_prior=1.948 H_mcts=1.498 drop=+0.449
[worker 8] game 120 1-0 plies=179 time=220.4s H_prior=1.618 H_mcts=1.094 drop=+0.525
[worker 8] refreshed weights (mtime 1776839762)
[worker 8] game 121 0-1 plies=176 time=223.8s H_prior=1.719 H_mcts=1.191 drop=+0.527
[worker 8] refreshed weights (mtime 1776840064)
[worker 8] game 122 1-0 plies=119 time=134.6s H_prior=1.822 H_mcts=1.349 drop=+0.474
[worker 8] game 123 1/2-1/2 plies=108 time=117.7s H_prior=1.916 H_mcts=1.373 drop=+0.542
[worker 8] refreshed weights (mtime 1776840370)
[worker 8] game 124 0-1 plies=72 time=79.4s H_prior=2.204 H_mcts=1.564 drop=+0.640
[worker 8] game 125 0-1 plies=84 time=90.1s H_prior=1.999 H_mcts=1.281 drop=+0.718
[worker 8] game 126 0-1 plies=108 time=123.2s H_prior=1.791 H_mcts=1.280 drop=+0.511
[worker 8] refreshed weights (mtime 1776840666)
[worker 8] game 127 0-1 plies=140 time=160.9s H_prior=1.475 H_mcts=1.030 drop=+0.445
[worker 8] game 128 1/2-1/2 plies=150 time=180.3s H_prior=1.769 H_mcts=1.206 drop=+0.563
[worker 8] refreshed weights (mtime 1776840943)
[worker 8] game 129 1/2-1/2 plies=172 time=217.7s H_prior=1.779 H_mcts=1.278 drop=+0.502
[worker 8] game 130 1-0 plies=89 time=96.7s H_prior=1.925 H_mcts=1.348 drop=+0.577
[worker 8] refreshed weights (mtime 1776841239)
[worker 8] game 131 0-1 plies=206 time=268.3s H_prior=1.770 H_mcts=1.206 drop=+0.564
[worker 8] refreshed weights (mtime 1776841526)
[worker 8] game 132 1/2-1/2 plies=155 time=161.3s H_prior=1.607 H_mcts=0.976 drop=+0.631
[worker 8] game 133 1-0 plies=33 time=33.7s H_prior=2.166 H_mcts=1.676 drop=+0.490
[worker 8] game 134 1/2-1/2 plies=113 time=125.0s H_prior=1.842 H_mcts=1.198 drop=+0.644
[worker 8] refreshed weights (mtime 1776841810)
[worker 8] game 135 1-0 plies=147 time=178.8s H_prior=1.878 H_mcts=1.426 drop=+0.452
[worker 8] game 136 0-1 plies=124 time=140.8s H_prior=1.801 H_mcts=1.311 drop=+0.490
[worker 8] refreshed weights (mtime 1776842098)
[worker 8] game 137 0-1 plies=122 time=139.7s H_prior=1.890 H_mcts=1.313 drop=+0.578
[worker 8] game 138 1/2-1/2 plies=41 time=41.1s H_prior=2.495 H_mcts=1.507 drop=+0.988
[worker 8] refreshed weights (mtime 1776842408)
[worker 8] game 139 1/2-1/2 plies=171 time=210.0s H_prior=1.701 H_mcts=1.174 drop=+0.528
[worker 8] game 140 0-1 plies=108 time=129.8s H_prior=2.000 H_mcts=1.419 drop=+0.580
[worker 8] refreshed weights (mtime 1776842705)
[worker 8] game 141 0-1 plies=100 time=107.5s H_prior=1.723 H_mcts=1.127 drop=+0.595
[worker 8] game 142 1/2-1/2 plies=182 time=233.1s H_prior=1.708 H_mcts=1.211 drop=+0.497
[worker 8] refreshed weights (mtime 1776843013)
[worker 8] game 143 1-0 plies=115 time=127.2s H_prior=1.716 H_mcts=1.115 drop=+0.601
[worker 8] game 144 1/2-1/2 plies=218 time=314.0s H_prior=1.522 H_mcts=1.225 drop=+0.297
[worker 8] refreshed weights (mtime 1776843327)
[worker 8] game 145 1-0 plies=141 time=160.7s H_prior=1.631 H_mcts=1.337 drop=+0.293
[worker 8] refreshed weights (mtime 1776843636)
[worker 8] game 146 1/2-1/2 plies=120 time=131.0s H_prior=1.799 H_mcts=1.169 drop=+0.630
[worker 8] game 147 1-0 plies=67 time=72.9s H_prior=2.047 H_mcts=1.480 drop=+0.567
[worker 8] game 148 1/2-1/2 plies=63 time=63.1s H_prior=2.101 H_mcts=1.449 drop=+0.652
[worker 8] refreshed weights (mtime 1776843938)
[worker 8] game 149 1/2-1/2 plies=253 time=376.9s H_prior=1.706 H_mcts=1.322 drop=+0.384
[worker 8] refreshed weights (mtime 1776844250)
[worker 8] game 150 0-1 plies=160 time=197.8s H_prior=1.815 H_mcts=1.298 drop=+0.517
[worker 8] game 151 0-1 plies=64 time=63.8s H_prior=2.175 H_mcts=1.522 drop=+0.653
[worker 8] refreshed weights (mtime 1776844553)
[worker 8] game 152 1-0 plies=27 time=25.8s H_prior=2.574 H_mcts=2.254 drop=+0.320
[worker 8] game 153 1/2-1/2 plies=149 time=178.3s H_prior=1.872 H_mcts=1.339 drop=+0.532
[worker 8] game 154 1/2-1/2 plies=235 time=324.8s H_prior=1.507 H_mcts=1.098 drop=+0.409
[worker 8] refreshed weights (mtime 1776844837)
[worker 8] game 155 1/2-1/2 plies=172 time=210.3s H_prior=1.737 H_mcts=1.252 drop=+0.485
[worker 8] refreshed weights (mtime 1776845135)
[worker 8] game 156 1/2-1/2 plies=74 time=76.5s H_prior=2.027 H_mcts=1.477 drop=+0.550
[worker 8] game 157 0-1 plies=70 time=76.7s H_prior=2.011 H_mcts=1.432 drop=+0.579
[worker 8] refreshed weights (mtime 1776845440)
[worker 8] game 158 1-0 plies=267 time=408.2s H_prior=1.675 H_mcts=1.271 drop=+0.404
[worker 8] refreshed weights (mtime 1776845752)
[worker 8] game 159 1/2-1/2 plies=176 time=215.3s H_prior=1.679 H_mcts=1.166 drop=+0.513
[worker 8] refreshed weights (mtime 1776846060)
[worker 8] game 160 0-1 plies=66 time=70.1s H_prior=2.061 H_mcts=1.534 drop=+0.527
[worker 8] game 161 1-0 plies=121 time=133.7s H_prior=1.943 H_mcts=1.300 drop=+0.643
[worker 8] game 162 1/2-1/2 plies=154 time=177.0s H_prior=1.792 H_mcts=1.242 drop=+0.550
[worker 8] refreshed weights (mtime 1776846373)
[worker 8] game 163 1-0 plies=71 time=80.0s H_prior=2.135 H_mcts=1.559 drop=+0.576
[worker 8] game 164 1-0 plies=29 time=27.6s H_prior=2.212 H_mcts=1.874 drop=+0.338
[worker 8] game 165 0-1 plies=76 time=80.5s H_prior=1.867 H_mcts=1.322 drop=+0.545
[worker 8] refreshed weights (mtime 1776846643)
[worker 8] game 166 1/2-1/2 plies=167 time=206.7s H_prior=1.671 H_mcts=1.204 drop=+0.468
[worker 8] game 167 1-0 plies=21 time=20.2s H_prior=2.479 H_mcts=1.886 drop=+0.593
[worker 8] game 168 1/2-1/2 plies=70 time=73.0s H_prior=2.065 H_mcts=1.407 drop=+0.659
[worker 8] refreshed weights (mtime 1776846917)
[worker 8] game 169 0-1 plies=134 time=162.6s H_prior=1.910 H_mcts=1.265 drop=+0.646
[worker 8] game 170 0-1 plies=126 time=149.5s H_prior=1.696 H_mcts=1.209 drop=+0.487
[worker 8] refreshed weights (mtime 1776847211)
[worker 8] game 171 1/2-1/2 plies=96 time=101.8s H_prior=1.832 H_mcts=1.236 drop=+0.596
[worker 8] game 172 1/2-1/2 plies=124 time=138.6s H_prior=1.697 H_mcts=1.114 drop=+0.583
[worker 8] refreshed weights (mtime 1776847534)
[worker 8] game 173 1-0 plies=111 time=121.7s H_prior=1.803 H_mcts=1.282 drop=+0.521
[worker 8] game 174 1/2-1/2 plies=251 time=365.8s H_prior=1.701 H_mcts=1.281 drop=+0.420
[worker 8] refreshed weights (mtime 1776847844)
[worker 8] game 175 1-0 plies=113 time=123.6s H_prior=1.965 H_mcts=1.384 drop=+0.582
[worker 8] refreshed weights (mtime 1776848151)
[worker 8] game 176 0-1 plies=92 time=103.4s H_prior=1.914 H_mcts=1.321 drop=+0.594
[worker 8] game 177 0-1 plies=104 time=117.3s H_prior=1.863 H_mcts=1.197 drop=+0.666
[worker 8] game 178 0-1 plies=144 time=171.2s H_prior=1.817 H_mcts=1.152 drop=+0.665
[worker 8] refreshed weights (mtime 1776848463)
[worker 8] game 179 1-0 plies=89 time=99.7s H_prior=1.841 H_mcts=1.207 drop=+0.635
[worker 8] game 180 1-0 plies=21 time=20.8s H_prior=2.267 H_mcts=1.822 drop=+0.446
[worker 8] game 181 1-0 plies=137 time=157.0s H_prior=1.714 H_mcts=1.088 drop=+0.627
[worker 8] refreshed weights (mtime 1776848753)
[worker 8] game 182 1/2-1/2 plies=227 time=308.4s H_prior=1.690 H_mcts=1.285 drop=+0.406
[worker 8] refreshed weights (mtime 1776849048)
[worker 8] game 183 0-1 plies=140 time=154.1s H_prior=1.545 H_mcts=1.080 drop=+0.465
[worker 8] game 184 1-0 plies=141 time=159.7s H_prior=1.591 H_mcts=1.136 drop=+0.455
[worker 8] refreshed weights (mtime 1776849334)
[worker 8] game 185 0-1 plies=60 time=66.5s H_prior=2.128 H_mcts=1.542 drop=+0.586
[worker 8] game 186 0-1 plies=90 time=101.1s H_prior=1.942 H_mcts=1.442 drop=+0.501
[worker 8] game 187 1/2-1/2 plies=137 time=163.6s H_prior=1.823 H_mcts=1.299 drop=+0.524
[worker 8] refreshed weights (mtime 1776849618)
[worker 8] game 188 0-1 plies=76 time=80.1s H_prior=2.019 H_mcts=1.487 drop=+0.533
[worker 8] game 189 0-1 plies=22 time=22.0s H_prior=2.427 H_mcts=1.833 drop=+0.594
[worker 8] game 190 1/2-1/2 plies=263 time=385.9s H_prior=1.561 H_mcts=1.172 drop=+0.389
[worker 8] refreshed weights (mtime 1776850231)
[worker 8] game 191 1/2-1/2 plies=122 time=128.8s H_prior=1.736 H_mcts=1.185 drop=+0.551
[worker 8] game 192 1/2-1/2 plies=184 time=226.4s H_prior=1.672 H_mcts=1.181 drop=+0.492
[worker 8] refreshed weights (mtime 1776850541)
[worker 8] game 193 1-0 plies=157 time=180.9s H_prior=1.578 H_mcts=0.971 drop=+0.607
[worker 8] game 194 1/2-1/2 plies=250 time=368.0s H_prior=1.611 H_mcts=1.219 drop=+0.393
[worker 8] refreshed weights (mtime 1776851108)
[worker 8] game 195 1/2-1/2 plies=110 time=124.5s H_prior=2.053 H_mcts=1.273 drop=+0.779
[worker 8] game 196 1-0 plies=113 time=121.9s H_prior=1.546 H_mcts=1.066 drop=+0.480
[worker 8] refreshed weights (mtime 1776851408)
[worker 8] game 197 1/2-1/2 plies=151 time=175.8s H_prior=1.842 H_mcts=1.259 drop=+0.584
[worker 8] game 198 1-0 plies=19 time=16.8s H_prior=2.383 H_mcts=1.628 drop=+0.755
[worker 8] game 199 1-0 plies=21 time=20.1s H_prior=2.385 H_mcts=2.078 drop=+0.307
[worker 8] game 200 1-0 plies=61 time=66.2s H_prior=2.083 H_mcts=1.574 drop=+0.509
[worker 8] refreshed weights (mtime 1776851689)
[worker 8] game 201 0-1 plies=136 time=147.8s H_prior=1.689 H_mcts=1.072 drop=+0.616
[worker 8] game 202 1-0 plies=113 time=126.2s H_prior=1.842 H_mcts=1.207 drop=+0.635
[worker 8] game 203 1-0 plies=41 time=43.0s H_prior=2.204 H_mcts=1.708 drop=+0.496
[worker 8] refreshed weights (mtime 1776851973)
[worker 8] game 204 1/2-1/2 plies=117 time=129.2s H_prior=1.829 H_mcts=1.183 drop=+0.647
[worker 8] game 205 1/2-1/2 plies=102 time=108.2s H_prior=2.026 H_mcts=1.264 drop=+0.762
[worker 8] game 206 0-1 plies=66 time=69.5s H_prior=2.137 H_mcts=1.434 drop=+0.703
[worker 8] refreshed weights (mtime 1776852279)
[worker 8] game 207 1-0 plies=91 time=96.4s H_prior=1.919 H_mcts=1.249 drop=+0.670
[worker 8] game 208 1-0 plies=91 time=103.5s H_prior=1.937 H_mcts=1.324 drop=+0.614
[worker 8] game 209 1-0 plies=67 time=71.8s H_prior=1.933 H_mcts=1.441 drop=+0.491
[worker 8] refreshed weights (mtime 1776852565)
[worker 8] game 210 0-1 plies=142 time=169.3s H_prior=1.778 H_mcts=1.221 drop=+0.557
[worker 8] game 211 1/2-1/2 plies=225 time=325.8s H_prior=1.698 H_mcts=1.329 drop=+0.369
[worker 8] refreshed weights (mtime 1776852874)
[worker 8] game 212 1-0 plies=141 time=166.2s H_prior=1.757 H_mcts=1.223 drop=+0.533
[worker 8] refreshed weights (mtime 1776853195)
[worker 8] game 213 1/2-1/2 plies=79 time=84.7s H_prior=1.997 H_mcts=1.375 drop=+0.622
[worker 8] game 214 0-1 plies=142 time=170.1s H_prior=1.694 H_mcts=1.183 drop=+0.512
[worker 8] game 215 0-1 plies=78 time=92.9s H_prior=2.206 H_mcts=1.518 drop=+0.688
[worker 8] game 216 1-0 plies=65 time=73.2s H_prior=2.019 H_mcts=1.556 drop=+0.464
[worker 8] game 217 0-1 plies=58 time=58.9s H_prior=2.129 H_mcts=1.339 drop=+0.791
[worker 8] game 218 1/2-1/2 plies=90 time=102.3s H_prior=2.139 H_mcts=1.435 drop=+0.704
[worker 8] game 219 0-1 plies=32 time=35.1s H_prior=2.227 H_mcts=1.678 drop=+0.548
[worker 8] game 220 1-0 plies=23 time=23.2s H_prior=2.284 H_mcts=1.766 drop=+0.517
