[worker 11] waiting for initial weights...
[worker 11] ready on cuda:6
[worker 11] game 1 0-1 plies=114 time=89.8s H_prior=1.635 H_mcts=1.077 drop=+0.558
[worker 11] game 2 0-1 plies=136 time=106.5s H_prior=1.590 H_mcts=1.159 drop=+0.431
[worker 11] game 3 0-1 plies=34 time=24.8s H_prior=1.744 H_mcts=1.298 drop=+0.447
[worker 11] game 4 0-1 plies=156 time=129.6s H_prior=1.660 H_mcts=1.191 drop=+0.468
[worker 11] game 5 0-1 plies=60 time=44.9s H_prior=1.773 H_mcts=1.199 drop=+0.574
[worker 11] game 6 0-1 plies=86 time=65.1s H_prior=1.684 H_mcts=1.274 drop=+0.410
[worker 11] game 7 1-0 plies=59 time=44.5s H_prior=1.813 H_mcts=1.176 drop=+0.637
[worker 11] game 8 1-0 plies=85 time=63.4s H_prior=1.747 H_mcts=1.189 drop=+0.558
[worker 11] game 9 0-1 plies=136 time=109.7s H_prior=1.633 H_mcts=1.094 drop=+0.540
[worker 11] game 10 0-1 plies=180 time=161.8s H_prior=1.731 H_mcts=1.251 drop=+0.479
[worker 11] game 11 1/2-1/2 plies=147 time=123.6s H_prior=1.667 H_mcts=1.064 drop=+0.603
[worker 11] game 12 1-0 plies=115 time=90.8s H_prior=1.650 H_mcts=1.221 drop=+0.429
[worker 11] game 13 1/2-1/2 plies=171 time=154.6s H_prior=1.701 H_mcts=1.161 drop=+0.540
[worker 11] game 14 1-0 plies=63 time=48.0s H_prior=1.737 H_mcts=1.112 drop=+0.626
[worker 11] refreshed weights (mtime 1776821010)
[worker 11] game 15 1-0 plies=131 time=106.6s H_prior=1.746 H_mcts=1.244 drop=+0.503
[worker 11] game 16 0-1 plies=150 time=124.0s H_prior=1.706 H_mcts=1.103 drop=+0.603
[worker 11] game 17 0-1 plies=146 time=120.5s H_prior=1.571 H_mcts=1.067 drop=+0.504
[worker 11] refreshed weights (mtime 1776821362)
[worker 11] game 18 1-0 plies=123 time=99.4s H_prior=1.805 H_mcts=1.323 drop=+0.483
[worker 11] game 19 0-1 plies=88 time=69.4s H_prior=1.791 H_mcts=1.254 drop=+0.538
[worker 11] game 20 0-1 plies=30 time=20.6s H_prior=2.035 H_mcts=1.548 drop=+0.487
[worker 11] ready on cuda:3
[worker 11] game 1 1-0 plies=149 time=124.5s H_prior=1.534 H_mcts=1.082 drop=+0.452
[worker 11] game 2 1-0 plies=119 time=101.7s H_prior=1.669 H_mcts=1.074 drop=+0.594
[worker 11] game 3 1/2-1/2 plies=189 time=173.2s H_prior=1.599 H_mcts=1.064 drop=+0.535
[worker 11] game 4 0-1 plies=136 time=120.1s H_prior=1.610 H_mcts=1.258 drop=+0.352
[worker 11] game 5 0-1 plies=64 time=48.2s H_prior=1.762 H_mcts=1.251 drop=+0.512
[worker 11] ready on cuda:3
[worker 11] game 1 1/2-1/2 plies=148 time=125.8s H_prior=1.569 H_mcts=1.073 drop=+0.496
[worker 11] game 2 1-0 plies=109 time=91.8s H_prior=1.675 H_mcts=0.991 drop=+0.684
[worker 11] game 3 1-0 plies=87 time=69.1s H_prior=1.715 H_mcts=1.160 drop=+0.555
[worker 11] game 4 1-0 plies=75 time=57.5s H_prior=1.640 H_mcts=1.197 drop=+0.443
[worker 11] game 5 0-1 plies=146 time=125.9s H_prior=1.613 H_mcts=1.041 drop=+0.572
[worker 11] game 6 1-0 plies=125 time=101.5s H_prior=1.709 H_mcts=1.231 drop=+0.478
[worker 11] game 7 1/2-1/2 plies=74 time=58.7s H_prior=1.657 H_mcts=1.177 drop=+0.480
[worker 11] game 8 0-1 plies=74 time=59.3s H_prior=1.852 H_mcts=1.287 drop=+0.566
[worker 11] game 9 1/2-1/2 plies=185 time=186.3s H_prior=1.657 H_mcts=1.104 drop=+0.553
[worker 11] game 10 1-0 plies=101 time=84.1s H_prior=1.754 H_mcts=1.153 drop=+0.601
[worker 11] game 11 0-1 plies=94 time=74.9s H_prior=1.613 H_mcts=1.222 drop=+0.391
[worker 11] game 12 1/2-1/2 plies=160 time=137.1s H_prior=1.649 H_mcts=1.194 drop=+0.455
[worker 11] game 13 1-0 plies=87 time=71.8s H_prior=1.724 H_mcts=1.226 drop=+0.499
[worker 11] game 14 0-1 plies=124 time=104.1s H_prior=1.689 H_mcts=1.116 drop=+0.573
[worker 11] refreshed weights (mtime 1776823698)
[worker 11] game 15 0-1 plies=46 time=34.2s H_prior=2.008 H_mcts=1.503 drop=+0.506
[worker 11] ready on cuda:2
[worker 11] game 1 0-1 plies=108 time=97.8s H_prior=1.844 H_mcts=1.351 drop=+0.493
[worker 11] refreshed weights (mtime 1776823909)
[worker 11] game 2 0-1 plies=92 time=78.4s H_prior=1.771 H_mcts=1.202 drop=+0.569
[worker 11] game 3 0-1 plies=154 time=141.7s H_prior=1.554 H_mcts=1.042 drop=+0.511
[worker 11] game 4 0-1 plies=90 time=74.7s H_prior=1.744 H_mcts=1.358 drop=+0.386
[worker 11] ready on cuda:1
[worker 11] game 1 1-0 plies=125 time=143.3s H_prior=1.605 H_mcts=1.216 drop=+0.389
[worker 11] refreshed weights (mtime 1776824393)
[worker 11] game 2 0-1 plies=130 time=145.9s H_prior=1.571 H_mcts=1.062 drop=+0.509
[worker 11] game 3 1-0 plies=91 time=94.9s H_prior=1.601 H_mcts=1.127 drop=+0.474
[worker 11] game 4 0-1 plies=112 time=125.0s H_prior=1.720 H_mcts=1.245 drop=+0.475
[worker 11] refreshed weights (mtime 1776824873)
[worker 11] game 5 0-1 plies=36 time=37.2s H_prior=2.177 H_mcts=1.633 drop=+0.544
[worker 11] game 6 1-0 plies=177 time=206.9s H_prior=1.516 H_mcts=1.027 drop=+0.489
[worker 11] refreshed weights (mtime 1776825111)
[worker 11] game 7 1-0 plies=123 time=130.9s H_prior=1.702 H_mcts=1.211 drop=+0.492
[worker 11] game 8 0-1 plies=118 time=124.6s H_prior=1.499 H_mcts=1.145 drop=+0.354
[worker 11] refreshed weights (mtime 1776825388)
[worker 11] game 9 1-0 plies=123 time=136.9s H_prior=1.661 H_mcts=1.175 drop=+0.486
[worker 11] game 10 1-0 plies=157 time=179.4s H_prior=1.712 H_mcts=1.050 drop=+0.662
[worker 11] refreshed weights (mtime 1776825686)
[worker 11] game 11 1/2-1/2 plies=278 time=419.0s H_prior=1.688 H_mcts=1.314 drop=+0.374
[worker 11] refreshed weights (mtime 1776825951)
[worker 11] game 12 0-1 plies=108 time=123.5s H_prior=1.819 H_mcts=1.378 drop=+0.441
[worker 11] game 13 0-1 plies=48 time=51.9s H_prior=2.199 H_mcts=1.685 drop=+0.514
[worker 11] refreshed weights (mtime 1776826272)
[worker 11] game 14 1/2-1/2 plies=127 time=146.2s H_prior=1.909 H_mcts=1.264 drop=+0.644
[worker 11] game 15 1-0 plies=145 time=173.0s H_prior=1.850 H_mcts=1.228 drop=+0.622
[worker 11] refreshed weights (mtime 1776826579)
[worker 11] game 16 1-0 plies=107 time=121.8s H_prior=1.783 H_mcts=1.226 drop=+0.557
[worker 11] game 17 0-1 plies=108 time=119.9s H_prior=1.807 H_mcts=1.289 drop=+0.518
[worker 11] game 18 0-1 plies=128 time=147.6s H_prior=1.906 H_mcts=1.335 drop=+0.570
[worker 11] refreshed weights (mtime 1776826891)
[worker 11] game 19 1-0 plies=147 time=164.8s H_prior=1.725 H_mcts=1.157 drop=+0.568
[worker 11] game 20 0-1 plies=86 time=93.2s H_prior=1.875 H_mcts=1.366 drop=+0.509
[worker 11] refreshed weights (mtime 1776827182)
[worker 11] game 21 0-1 plies=114 time=127.6s H_prior=1.831 H_mcts=1.284 drop=+0.547
[worker 11] game 22 1-0 plies=49 time=51.5s H_prior=2.004 H_mcts=1.440 drop=+0.565
[worker 11] game 23 0-1 plies=54 time=57.5s H_prior=2.056 H_mcts=1.540 drop=+0.516
[worker 11] refreshed weights (mtime 1776827495)
[worker 11] game 24 1/2-1/2 plies=138 time=153.6s H_prior=1.779 H_mcts=1.206 drop=+0.572
[worker 11] game 25 1/2-1/2 plies=161 time=180.8s H_prior=1.658 H_mcts=1.141 drop=+0.516
[worker 11] refreshed weights (mtime 1776827791)
[worker 11] game 26 0-1 plies=56 time=59.1s H_prior=2.023 H_mcts=1.498 drop=+0.524
[worker 11] game 27 1-0 plies=197 time=248.9s H_prior=1.616 H_mcts=1.224 drop=+0.391
[worker 11] refreshed weights (mtime 1776828100)
[worker 11] game 28 1-0 plies=133 time=152.3s H_prior=1.740 H_mcts=1.321 drop=+0.419
[worker 11] game 29 1/2-1/2 plies=126 time=131.4s H_prior=1.821 H_mcts=1.118 drop=+0.703
[worker 11] refreshed weights (mtime 1776828383)
[worker 11] game 30 0-1 plies=100 time=111.3s H_prior=1.841 H_mcts=1.230 drop=+0.611
[worker 11] game 31 0-1 plies=114 time=122.5s H_prior=1.742 H_mcts=1.011 drop=+0.731
[worker 11] game 32 1/2-1/2 plies=106 time=112.4s H_prior=1.670 H_mcts=0.879 drop=+0.791
[worker 11] refreshed weights (mtime 1776828677)
[worker 11] game 33 0-1 plies=30 time=30.5s H_prior=2.379 H_mcts=1.644 drop=+0.736
[worker 11] game 34 1-0 plies=77 time=85.0s H_prior=2.008 H_mcts=1.323 drop=+0.685
[worker 11] game 35 1-0 plies=43 time=45.7s H_prior=2.328 H_mcts=1.797 drop=+0.531
[worker 11] game 36 1-0 plies=115 time=130.1s H_prior=1.839 H_mcts=1.348 drop=+0.490
[worker 11] refreshed weights (mtime 1776828978)
[worker 11] game 37 0-1 plies=182 time=226.0s H_prior=1.854 H_mcts=1.404 drop=+0.450
[worker 11] refreshed weights (mtime 1776829271)
[worker 11] game 38 1-0 plies=31 time=31.3s H_prior=2.268 H_mcts=1.746 drop=+0.522
[worker 11] game 39 0-1 plies=100 time=109.9s H_prior=1.795 H_mcts=1.245 drop=+0.550
[worker 11] game 40 1/2-1/2 plies=283 time=439.1s H_prior=1.715 H_mcts=1.351 drop=+0.364
[worker 11] refreshed weights (mtime 1776829577)
[worker 11] game 41 1-0 plies=29 time=29.0s H_prior=2.496 H_mcts=1.824 drop=+0.672
[worker 11] refreshed weights (mtime 1776829880)
[worker 11] game 42 1/2-1/2 plies=122 time=139.7s H_prior=1.815 H_mcts=1.162 drop=+0.653
[worker 11] game 43 0-1 plies=114 time=130.2s H_prior=1.817 H_mcts=1.147 drop=+0.670
[worker 11] game 44 0-1 plies=94 time=103.2s H_prior=1.879 H_mcts=1.191 drop=+0.687
[worker 11] refreshed weights (mtime 1776830182)
[worker 11] game 45 1-0 plies=95 time=96.6s H_prior=1.764 H_mcts=1.307 drop=+0.457
[worker 11] game 46 0-1 plies=56 time=61.2s H_prior=2.231 H_mcts=1.726 drop=+0.505
[worker 11] game 47 0-1 plies=44 time=45.3s H_prior=2.063 H_mcts=1.576 drop=+0.487
[worker 11] refreshed weights (mtime 1776830478)
[worker 11] game 48 1-0 plies=119 time=136.8s H_prior=2.013 H_mcts=1.289 drop=+0.725
[worker 11] game 49 1-0 plies=47 time=47.9s H_prior=2.303 H_mcts=1.621 drop=+0.681
[worker 11] game 50 1/2-1/2 plies=163 time=189.6s H_prior=1.769 H_mcts=1.101 drop=+0.667
[worker 11] refreshed weights (mtime 1776830777)
[worker 11] game 51 1-0 plies=201 time=245.1s H_prior=1.603 H_mcts=1.074 drop=+0.530
[worker 11] refreshed weights (mtime 1776831081)
[worker 11] game 52 1-0 plies=135 time=152.8s H_prior=1.828 H_mcts=1.285 drop=+0.543
[worker 11] game 53 0-1 plies=46 time=47.9s H_prior=2.045 H_mcts=1.521 drop=+0.524
[worker 11] game 54 1/2-1/2 plies=148 time=168.6s H_prior=1.654 H_mcts=1.053 drop=+0.602
[worker 11] refreshed weights (mtime 1776831360)
[worker 11] game 55 0-1 plies=88 time=97.5s H_prior=2.045 H_mcts=1.377 drop=+0.667
[worker 11] game 56 1/2-1/2 plies=106 time=106.2s H_prior=1.706 H_mcts=1.071 drop=+0.636
[worker 11] refreshed weights (mtime 1776831654)
[worker 11] game 57 1/2-1/2 plies=118 time=126.5s H_prior=1.735 H_mcts=1.135 drop=+0.599
[worker 11] game 58 1-0 plies=85 time=93.6s H_prior=1.830 H_mcts=1.303 drop=+0.527
[worker 11] game 59 1-0 plies=117 time=136.1s H_prior=1.855 H_mcts=1.238 drop=+0.616
[worker 11] refreshed weights (mtime 1776831944)
[worker 11] game 60 1/2-1/2 plies=163 time=188.7s H_prior=1.654 H_mcts=1.187 drop=+0.467
[worker 11] game 61 0-1 plies=144 time=166.6s H_prior=1.725 H_mcts=1.287 drop=+0.438
[worker 11] refreshed weights (mtime 1776832251)
[worker 11] game 62 0-1 plies=76 time=81.7s H_prior=2.137 H_mcts=1.454 drop=+0.683
[worker 11] game 63 1/2-1/2 plies=233 time=329.7s H_prior=1.706 H_mcts=1.274 drop=+0.432
[worker 11] refreshed weights (mtime 1776832553)
[worker 11] game 64 0-1 plies=100 time=108.8s H_prior=1.832 H_mcts=1.139 drop=+0.693
[worker 11] refreshed weights (mtime 1776832849)
[worker 11] game 65 1/2-1/2 plies=115 time=116.7s H_prior=1.818 H_mcts=1.132 drop=+0.686
[worker 11] game 66 1-0 plies=119 time=132.6s H_prior=1.698 H_mcts=1.126 drop=+0.571
[worker 11] refreshed weights (mtime 1776833128)
[worker 11] game 67 1/2-1/2 plies=154 time=180.9s H_prior=1.804 H_mcts=1.376 drop=+0.428
[worker 11] game 68 1-0 plies=51 time=57.1s H_prior=2.222 H_mcts=1.715 drop=+0.507
[worker 11] game 69 1-0 plies=111 time=129.8s H_prior=1.796 H_mcts=1.409 drop=+0.387
[worker 11] refreshed weights (mtime 1776833454)
[worker 11] game 70 1-0 plies=119 time=127.6s H_prior=1.587 H_mcts=1.086 drop=+0.501
[worker 11] game 71 0-1 plies=48 time=49.5s H_prior=1.965 H_mcts=1.393 drop=+0.572
[worker 11] game 72 0-1 plies=32 time=32.5s H_prior=2.229 H_mcts=1.705 drop=+0.525
[worker 11] game 73 1-0 plies=159 time=190.4s H_prior=1.691 H_mcts=1.179 drop=+0.513
[worker 11] refreshed weights (mtime 1776833746)
[worker 11] game 74 1-0 plies=81 time=86.1s H_prior=1.913 H_mcts=1.337 drop=+0.576
[worker 11] game 75 0-1 plies=102 time=114.8s H_prior=2.040 H_mcts=1.403 drop=+0.637
[worker 11] refreshed weights (mtime 1776834067)
[worker 11] game 76 1/2-1/2 plies=129 time=130.0s H_prior=1.678 H_mcts=1.121 drop=+0.557
[worker 11] game 77 0-1 plies=96 time=111.5s H_prior=2.219 H_mcts=1.565 drop=+0.654
[worker 11] refreshed weights (mtime 1776834351)
[worker 11] game 78 1-0 plies=21 time=17.0s H_prior=2.149 H_mcts=1.627 drop=+0.521
[worker 11] game 79 1-0 plies=81 time=82.1s H_prior=1.842 H_mcts=1.258 drop=+0.583
[worker 11] game 80 1-0 plies=83 time=92.4s H_prior=1.888 H_mcts=1.247 drop=+0.641
[worker 11] game 81 1/2-1/2 plies=170 time=185.4s H_prior=1.611 H_mcts=1.083 drop=+0.528
[worker 11] refreshed weights (mtime 1776834637)
[worker 11] game 82 1-0 plies=117 time=136.9s H_prior=1.909 H_mcts=1.246 drop=+0.663
[worker 11] game 83 0-1 plies=42 time=45.5s H_prior=2.256 H_mcts=1.751 drop=+0.505
[worker 11] game 84 1-0 plies=41 time=43.7s H_prior=2.255 H_mcts=1.683 drop=+0.572
[worker 11] refreshed weights (mtime 1776834940)
[worker 11] game 85 1/2-1/2 plies=121 time=119.9s H_prior=1.692 H_mcts=1.099 drop=+0.593
[worker 11] game 86 1-0 plies=193 time=232.3s H_prior=1.586 H_mcts=1.128 drop=+0.458
[worker 11] refreshed weights (mtime 1776835232)
[worker 11] game 87 0-1 plies=142 time=165.9s H_prior=1.709 H_mcts=1.073 drop=+0.636
[worker 11] game 88 0-1 plies=24 time=21.4s H_prior=2.173 H_mcts=1.549 drop=+0.625
[worker 11] game 89 1/2-1/2 plies=247 time=358.3s H_prior=1.774 H_mcts=1.330 drop=+0.443
[worker 11] refreshed weights (mtime 1776835857)
[worker 11] game 90 1/2-1/2 plies=127 time=142.2s H_prior=1.837 H_mcts=1.228 drop=+0.609
[worker 11] game 91 1-0 plies=187 time=231.3s H_prior=1.504 H_mcts=1.062 drop=+0.442
[worker 11] refreshed weights (mtime 1776836173)
[worker 11] game 92 1-0 plies=133 time=147.0s H_prior=1.815 H_mcts=1.100 drop=+0.715
[worker 11] game 93 1/2-1/2 plies=99 time=106.6s H_prior=1.956 H_mcts=1.359 drop=+0.597
[worker 11] refreshed weights (mtime 1776836471)
[worker 11] game 94 0-1 plies=110 time=123.8s H_prior=1.687 H_mcts=1.234 drop=+0.453
[worker 11] game 95 1-0 plies=61 time=65.9s H_prior=2.033 H_mcts=1.486 drop=+0.547
[worker 11] game 96 0-1 plies=96 time=102.6s H_prior=2.029 H_mcts=1.391 drop=+0.638
[worker 11] refreshed weights (mtime 1776836776)
[worker 11] game 97 1-0 plies=127 time=157.5s H_prior=2.004 H_mcts=1.411 drop=+0.593
[worker 11] game 98 0-1 plies=44 time=45.6s H_prior=2.080 H_mcts=1.601 drop=+0.480
[worker 11] game 99 0-1 plies=42 time=43.8s H_prior=1.945 H_mcts=1.477 drop=+0.468
[worker 11] game 100 1-0 plies=103 time=112.7s H_prior=1.934 H_mcts=1.373 drop=+0.561
[worker 11] refreshed weights (mtime 1776837084)
[worker 11] game 101 1/2-1/2 plies=113 time=127.6s H_prior=1.857 H_mcts=1.068 drop=+0.788
[worker 11] game 102 1/2-1/2 plies=115 time=111.2s H_prior=1.660 H_mcts=1.097 drop=+0.564
[worker 11] refreshed weights (mtime 1776837385)
[worker 11] game 103 0-1 plies=144 time=167.3s H_prior=1.735 H_mcts=1.103 drop=+0.633
[worker 11] game 104 0-1 plies=66 time=74.0s H_prior=1.897 H_mcts=1.441 drop=+0.456
[worker 11] game 105 1/2-1/2 plies=128 time=133.4s H_prior=1.918 H_mcts=1.175 drop=+0.744
[worker 11] refreshed weights (mtime 1776837697)
[worker 11] game 106 0-1 plies=14 time=11.3s H_prior=2.538 H_mcts=1.937 drop=+0.601
[worker 11] game 107 1-0 plies=73 time=72.9s H_prior=2.090 H_mcts=1.546 drop=+0.544
[worker 11] game 108 1/2-1/2 plies=39 time=35.4s H_prior=2.026 H_mcts=1.512 drop=+0.514
[worker 11] game 109 1-0 plies=25 time=24.6s H_prior=2.284 H_mcts=1.829 drop=+0.456
[worker 11] game 110 0-1 plies=118 time=127.9s H_prior=1.606 H_mcts=1.045 drop=+0.561
[worker 11] refreshed weights (mtime 1776837984)
[worker 11] game 111 1-0 plies=135 time=161.8s H_prior=1.874 H_mcts=1.327 drop=+0.547
[worker 11] game 112 1-0 plies=93 time=96.6s H_prior=1.911 H_mcts=1.399 drop=+0.511
[worker 11] refreshed weights (mtime 1776838278)
[worker 11] game 113 0-1 plies=114 time=127.7s H_prior=1.957 H_mcts=1.497 drop=+0.460
[worker 11] game 114 1-0 plies=51 time=48.4s H_prior=2.158 H_mcts=1.517 drop=+0.641
[worker 11] game 115 1-0 plies=35 time=37.0s H_prior=2.277 H_mcts=1.760 drop=+0.517
[worker 11] game 116 1-0 plies=55 time=58.9s H_prior=2.225 H_mcts=1.613 drop=+0.612
[worker 11] game 117 1-0 plies=73 time=78.5s H_prior=2.022 H_mcts=1.605 drop=+0.417
[worker 11] refreshed weights (mtime 1776838582)
[worker 11] game 118 1/2-1/2 plies=248 time=360.3s H_prior=1.581 H_mcts=1.177 drop=+0.404
[worker 11] refreshed weights (mtime 1776838864)
[worker 11] game 119 0-1 plies=62 time=66.2s H_prior=2.032 H_mcts=1.371 drop=+0.661
[worker 11] game 120 1-0 plies=101 time=106.6s H_prior=1.753 H_mcts=1.360 drop=+0.393
[worker 11] refreshed weights (mtime 1776839143)
[worker 11] game 121 0-1 plies=134 time=139.4s H_prior=1.538 H_mcts=1.034 drop=+0.504
[worker 11] game 122 0-1 plies=164 time=199.1s H_prior=1.705 H_mcts=1.240 drop=+0.464
[worker 11] refreshed weights (mtime 1776839443)
[worker 11] game 123 1/2-1/2 plies=138 time=143.8s H_prior=1.533 H_mcts=1.129 drop=+0.404
[worker 11] game 124 1-0 plies=115 time=124.1s H_prior=1.630 H_mcts=1.187 drop=+0.443
[worker 11] refreshed weights (mtime 1776839762)
[worker 11] game 125 0-1 plies=28 time=28.0s H_prior=2.238 H_mcts=1.687 drop=+0.551
[worker 11] game 126 1-0 plies=233 time=304.1s H_prior=1.540 H_mcts=1.115 drop=+0.426
[worker 11] refreshed weights (mtime 1776840064)
[worker 11] game 127 1/2-1/2 plies=203 time=279.7s H_prior=1.675 H_mcts=1.337 drop=+0.339
[worker 11] refreshed weights (mtime 1776840370)
[worker 11] game 128 1-0 plies=61 time=63.9s H_prior=1.987 H_mcts=1.605 drop=+0.382
[worker 11] game 129 1/2-1/2 plies=244 time=320.7s H_prior=1.451 H_mcts=1.081 drop=+0.370
[worker 11] refreshed weights (mtime 1776840666)
[worker 11] game 130 1-0 plies=31 time=31.1s H_prior=2.449 H_mcts=2.039 drop=+0.409
[worker 11] game 131 0-1 plies=120 time=137.3s H_prior=1.916 H_mcts=1.350 drop=+0.567
[worker 11] refreshed weights (mtime 1776840943)
[worker 11] game 132 1-0 plies=91 time=101.9s H_prior=2.159 H_mcts=1.500 drop=+0.660
[worker 11] game 133 1/2-1/2 plies=113 time=124.9s H_prior=1.684 H_mcts=1.177 drop=+0.506
[worker 11] game 134 1-0 plies=21 time=21.1s H_prior=2.053 H_mcts=1.426 drop=+0.627
[worker 11] game 135 0-1 plies=46 time=46.5s H_prior=2.116 H_mcts=1.514 drop=+0.601
[worker 11] refreshed weights (mtime 1776841239)
[worker 11] game 136 1/2-1/2 plies=68 time=65.8s H_prior=2.023 H_mcts=1.310 drop=+0.713
[worker 11] game 137 1-0 plies=71 time=74.4s H_prior=1.890 H_mcts=1.400 drop=+0.490
[worker 11] game 138 1-0 plies=91 time=95.7s H_prior=2.093 H_mcts=1.488 drop=+0.605
[worker 11] game 139 0-1 plies=26 time=25.7s H_prior=2.199 H_mcts=1.676 drop=+0.523
[worker 11] game 140 1/2-1/2 plies=152 time=166.9s H_prior=1.624 H_mcts=1.164 drop=+0.460
[worker 11] refreshed weights (mtime 1776841526)
[worker 11] game 141 0-1 plies=82 time=87.2s H_prior=2.169 H_mcts=1.402 drop=+0.767
[worker 11] game 142 0-1 plies=144 time=162.1s H_prior=1.660 H_mcts=1.136 drop=+0.524
[worker 11] refreshed weights (mtime 1776841810)
[worker 11] game 143 1-0 plies=99 time=110.6s H_prior=1.890 H_mcts=1.315 drop=+0.576
[worker 11] game 144 1-0 plies=71 time=76.0s H_prior=1.969 H_mcts=1.491 drop=+0.478
[worker 11] refreshed weights (mtime 1776842098)
[worker 11] game 145 1/2-1/2 plies=138 time=157.0s H_prior=1.739 H_mcts=1.298 drop=+0.442
[worker 11] game 146 1-0 plies=141 time=167.5s H_prior=1.690 H_mcts=1.159 drop=+0.530
[worker 11] refreshed weights (mtime 1776842408)
[worker 11] game 147 0-1 plies=184 time=228.0s H_prior=1.505 H_mcts=1.047 drop=+0.459
[worker 11] game 148 1-0 plies=105 time=114.1s H_prior=1.917 H_mcts=1.357 drop=+0.560
[worker 11] refreshed weights (mtime 1776842705)
[worker 11] game 149 0-1 plies=98 time=113.6s H_prior=2.001 H_mcts=1.420 drop=+0.581
[worker 11] game 150 0-1 plies=108 time=121.6s H_prior=1.875 H_mcts=1.178 drop=+0.697
[worker 11] refreshed weights (mtime 1776843013)
[worker 11] game 151 0-1 plies=106 time=121.1s H_prior=1.898 H_mcts=1.189 drop=+0.709
[worker 11] game 152 0-1 plies=138 time=163.3s H_prior=1.713 H_mcts=1.133 drop=+0.580
[worker 11] game 153 1/2-1/2 plies=232 time=301.4s H_prior=1.733 H_mcts=1.141 drop=+0.592
[worker 11] refreshed weights (mtime 1776843327)
[worker 11] game 154 0-1 plies=56 time=58.4s H_prior=1.888 H_mcts=1.388 drop=+0.500
[worker 11] refreshed weights (mtime 1776843636)
[worker 11] game 155 0-1 plies=40 time=39.6s H_prior=2.215 H_mcts=1.858 drop=+0.356
[worker 11] game 156 1-0 plies=57 time=58.5s H_prior=2.284 H_mcts=1.688 drop=+0.596
[worker 11] game 157 1/2-1/2 plies=159 time=193.7s H_prior=1.795 H_mcts=1.348 drop=+0.448
[worker 11] refreshed weights (mtime 1776843938)
[worker 11] game 158 0-1 plies=180 time=207.9s H_prior=1.638 H_mcts=1.109 drop=+0.528
[worker 11] game 159 0-1 plies=136 time=158.6s H_prior=1.799 H_mcts=1.152 drop=+0.647
[worker 11] refreshed weights (mtime 1776844250)
[worker 11] game 160 0-1 plies=162 time=201.2s H_prior=1.683 H_mcts=1.067 drop=+0.616
[worker 11] game 161 1/2-1/2 plies=164 time=193.7s H_prior=1.721 H_mcts=1.175 drop=+0.547
[worker 11] refreshed weights (mtime 1776844553)
[worker 11] game 162 1-0 plies=29 time=27.2s H_prior=2.237 H_mcts=1.572 drop=+0.665
[worker 11] game 163 1/2-1/2 plies=197 time=257.8s H_prior=1.709 H_mcts=1.280 drop=+0.429
[worker 11] refreshed weights (mtime 1776844837)
[worker 11] game 164 1/2-1/2 plies=78 time=84.4s H_prior=2.186 H_mcts=1.549 drop=+0.637
[worker 11] game 165 1/2-1/2 plies=63 time=59.0s H_prior=2.053 H_mcts=1.417 drop=+0.637
[worker 11] refreshed weights (mtime 1776845135)
[worker 11] game 166 1-0 plies=77 time=83.7s H_prior=1.946 H_mcts=1.389 drop=+0.556
[worker 11] game 167 1/2-1/2 plies=127 time=137.8s H_prior=1.837 H_mcts=1.240 drop=+0.597
[worker 11] game 168 0-1 plies=122 time=141.7s H_prior=1.934 H_mcts=1.316 drop=+0.617
[worker 11] refreshed weights (mtime 1776845440)
[worker 11] game 169 1/2-1/2 plies=137 time=155.7s H_prior=1.618 H_mcts=1.066 drop=+0.552
[worker 11] game 170 0-1 plies=158 time=186.9s H_prior=1.634 H_mcts=1.237 drop=+0.397
[worker 11] refreshed weights (mtime 1776845752)
[worker 11] game 171 0-1 plies=94 time=107.6s H_prior=2.018 H_mcts=1.475 drop=+0.544
[worker 11] game 172 0-1 plies=174 time=211.6s H_prior=1.670 H_mcts=1.053 drop=+0.617
[worker 11] refreshed weights (mtime 1776846060)
[worker 11] game 173 1/2-1/2 plies=163 time=189.5s H_prior=1.719 H_mcts=1.126 drop=+0.593
[worker 11] game 174 1-0 plies=151 time=177.6s H_prior=1.688 H_mcts=1.174 drop=+0.514
[worker 11] refreshed weights (mtime 1776846373)
[worker 11] game 175 1-0 plies=135 time=162.9s H_prior=1.983 H_mcts=1.349 drop=+0.634
[worker 11] refreshed weights (mtime 1776846643)
[worker 11] game 176 1/2-1/2 plies=150 time=168.0s H_prior=1.759 H_mcts=1.109 drop=+0.650
[worker 11] game 177 1/2-1/2 plies=160 time=184.4s H_prior=1.744 H_mcts=1.229 drop=+0.515
[worker 11] refreshed weights (mtime 1776846917)
[worker 11] game 178 1/2-1/2 plies=182 time=232.3s H_prior=1.812 H_mcts=1.143 drop=+0.669
[worker 11] refreshed weights (mtime 1776847211)
[worker 11] game 179 0-1 plies=94 time=101.3s H_prior=2.041 H_mcts=1.422 drop=+0.619
[worker 11] game 180 0-1 plies=134 time=158.1s H_prior=1.803 H_mcts=1.248 drop=+0.555
[worker 11] refreshed weights (mtime 1776847534)
[worker 11] game 181 1-0 plies=95 time=100.1s H_prior=2.020 H_mcts=1.367 drop=+0.654
[worker 11] game 182 1-0 plies=93 time=104.2s H_prior=2.093 H_mcts=1.546 drop=+0.547
[worker 11] game 183 1-0 plies=119 time=138.2s H_prior=1.981 H_mcts=1.352 drop=+0.628
[worker 11] refreshed weights (mtime 1776847844)
[worker 11] game 184 1-0 plies=99 time=108.5s H_prior=1.684 H_mcts=1.212 drop=+0.473
[worker 11] game 185 0-1 plies=140 time=164.6s H_prior=1.808 H_mcts=1.257 drop=+0.550
[worker 11] refreshed weights (mtime 1776848151)
[worker 11] game 186 1/2-1/2 plies=124 time=134.9s H_prior=1.817 H_mcts=1.275 drop=+0.541
[worker 11] game 187 1-0 plies=91 time=100.9s H_prior=1.886 H_mcts=1.319 drop=+0.566
[worker 11] game 188 1/2-1/2 plies=125 time=140.2s H_prior=1.818 H_mcts=1.246 drop=+0.571
[worker 11] refreshed weights (mtime 1776848463)
[worker 11] game 189 1/2-1/2 plies=114 time=121.5s H_prior=1.838 H_mcts=1.266 drop=+0.572
[worker 11] game 190 1-0 plies=105 time=114.0s H_prior=1.659 H_mcts=1.070 drop=+0.588
[worker 11] refreshed weights (mtime 1776848753)
[worker 11] game 191 1-0 plies=25 time=24.3s H_prior=2.062 H_mcts=1.508 drop=+0.554
[worker 11] game 192 1/2-1/2 plies=230 time=302.6s H_prior=1.563 H_mcts=1.154 drop=+0.410
[worker 11] refreshed weights (mtime 1776849048)
[worker 11] game 193 0-1 plies=120 time=136.5s H_prior=1.999 H_mcts=1.321 drop=+0.677
[worker 11] game 194 0-1 plies=130 time=152.9s H_prior=1.872 H_mcts=1.337 drop=+0.534
[worker 11] refreshed weights (mtime 1776849334)
[worker 11] game 195 1-0 plies=203 time=257.9s H_prior=1.642 H_mcts=1.090 drop=+0.553
[worker 11] refreshed weights (mtime 1776849618)
[worker 11] game 196 1-0 plies=173 time=197.5s H_prior=1.658 H_mcts=1.180 drop=+0.478
[worker 11] game 197 1/2-1/2 plies=235 time=322.2s H_prior=1.612 H_mcts=1.194 drop=+0.418
[worker 11] refreshed weights (mtime 1776849933)
[worker 11] game 198 1/2-1/2 plies=106 time=110.4s H_prior=1.886 H_mcts=1.199 drop=+0.687
[worker 11] refreshed weights (mtime 1776850231)
[worker 11] game 199 0-1 plies=176 time=202.6s H_prior=1.689 H_mcts=1.133 drop=+0.556
[worker 11] game 200 1/2-1/2 plies=129 time=144.3s H_prior=1.918 H_mcts=1.254 drop=+0.665
[worker 11] refreshed weights (mtime 1776850541)
[worker 11] game 201 1-0 plies=79 time=86.0s H_prior=1.993 H_mcts=1.355 drop=+0.639
[worker 11] game 202 1-0 plies=99 time=110.7s H_prior=1.995 H_mcts=1.448 drop=+0.546
[worker 11] refreshed weights (mtime 1776850813)
[worker 11] game 203 1-0 plies=39 time=39.4s H_prior=2.153 H_mcts=1.647 drop=+0.506
[worker 11] game 204 1/2-1/2 plies=84 time=89.7s H_prior=1.938 H_mcts=1.191 drop=+0.747
[worker 11] game 205 1-0 plies=41 time=42.4s H_prior=2.314 H_mcts=1.774 drop=+0.540
[worker 11] game 206 1/2-1/2 plies=233 time=304.5s H_prior=1.495 H_mcts=1.075 drop=+0.419
[worker 11] refreshed weights (mtime 1776851108)
[worker 11] game 207 0-1 plies=24 time=24.2s H_prior=2.292 H_mcts=1.517 drop=+0.775
[worker 11] game 208 1/2-1/2 plies=127 time=130.1s H_prior=1.623 H_mcts=1.108 drop=+0.515
[worker 11] refreshed weights (mtime 1776851408)
[worker 11] game 209 1/2-1/2 plies=127 time=147.5s H_prior=1.925 H_mcts=1.083 drop=+0.841
[worker 11] game 210 1/2-1/2 plies=118 time=127.4s H_prior=1.587 H_mcts=1.024 drop=+0.562
[worker 11] refreshed weights (mtime 1776851689)
[worker 11] game 211 0-1 plies=28 time=25.7s H_prior=2.558 H_mcts=1.899 drop=+0.659
[worker 11] game 212 1/2-1/2 plies=122 time=137.7s H_prior=1.785 H_mcts=1.232 drop=+0.554
[worker 11] game 213 0-1 plies=122 time=147.0s H_prior=1.777 H_mcts=1.166 drop=+0.612
[worker 11] refreshed weights (mtime 1776851973)
[worker 11] game 214 1/2-1/2 plies=143 time=165.5s H_prior=1.739 H_mcts=1.185 drop=+0.554
[worker 11] game 215 1/2-1/2 plies=91 time=93.4s H_prior=1.871 H_mcts=1.265 drop=+0.605
[worker 11] refreshed weights (mtime 1776852279)
[worker 11] game 216 1/2-1/2 plies=154 time=168.0s H_prior=1.758 H_mcts=1.208 drop=+0.549
[worker 11] game 217 1-0 plies=135 time=155.9s H_prior=1.845 H_mcts=1.104 drop=+0.741
[worker 11] refreshed weights (mtime 1776852565)
[worker 11] game 218 1-0 plies=67 time=67.1s H_prior=1.997 H_mcts=1.348 drop=+0.649
[worker 11] game 219 0-1 plies=136 time=147.9s H_prior=1.828 H_mcts=1.193 drop=+0.635
[worker 11] game 220 1/2-1/2 plies=105 time=117.1s H_prior=1.808 H_mcts=1.072 drop=+0.736
[worker 11] refreshed weights (mtime 1776852874)
[worker 11] game 221 0-1 plies=152 time=182.7s H_prior=1.649 H_mcts=1.012 drop=+0.637
[worker 11] game 222 1-0 plies=131 time=147.2s H_prior=1.635 H_mcts=1.156 drop=+0.479
[worker 11] refreshed weights (mtime 1776853195)
[worker 11] game 223 1-0 plies=91 time=98.2s H_prior=1.868 H_mcts=1.346 drop=+0.522
[worker 11] game 224 1-0 plies=49 time=51.1s H_prior=2.272 H_mcts=1.735 drop=+0.536
[worker 11] game 225 1/2-1/2 plies=192 time=225.6s H_prior=1.577 H_mcts=1.188 drop=+0.389
[worker 11] game 226 0-1 plies=66 time=72.3s H_prior=1.984 H_mcts=1.433 drop=+0.551
[worker 11] game 227 0-1 plies=20 time=18.9s H_prior=1.994 H_mcts=1.672 drop=+0.322
[worker 11] game 228 1/2-1/2 plies=57 time=54.4s H_prior=2.044 H_mcts=1.352 drop=+0.693
[worker 11] game 229 1/2-1/2 plies=129 time=143.3s H_prior=1.821 H_mcts=1.131 drop=+0.690
