[worker 12] waiting for initial weights...
[worker 12] ready on cuda:6
[worker 12] game 1 0-1 plies=144 time=119.5s H_prior=1.505 H_mcts=1.164 drop=+0.341
[worker 12] game 2 0-1 plies=84 time=65.6s H_prior=1.765 H_mcts=1.142 drop=+0.624
[worker 12] game 3 0-1 plies=126 time=103.6s H_prior=1.511 H_mcts=1.022 drop=+0.489
[worker 12] game 4 1-0 plies=159 time=136.3s H_prior=1.615 H_mcts=1.165 drop=+0.450
[worker 12] game 5 1-0 plies=135 time=113.3s H_prior=1.679 H_mcts=1.232 drop=+0.447
[worker 12] game 6 1-0 plies=101 time=78.9s H_prior=1.681 H_mcts=1.172 drop=+0.509
[worker 12] game 7 0-1 plies=78 time=57.2s H_prior=1.630 H_mcts=1.212 drop=+0.418
[worker 12] game 8 0-1 plies=98 time=76.5s H_prior=1.611 H_mcts=1.276 drop=+0.336
[worker 12] game 9 0-1 plies=78 time=59.8s H_prior=1.629 H_mcts=1.241 drop=+0.388
[worker 12] game 10 1/2-1/2 plies=122 time=93.9s H_prior=1.655 H_mcts=0.977 drop=+0.678
[worker 12] game 11 0-1 plies=146 time=121.2s H_prior=1.622 H_mcts=1.185 drop=+0.437
[worker 12] game 12 1/2-1/2 plies=156 time=132.2s H_prior=1.691 H_mcts=1.225 drop=+0.465
[worker 12] game 13 0-1 plies=28 time=19.8s H_prior=1.697 H_mcts=1.292 drop=+0.405
[worker 12] game 14 0-1 plies=108 time=85.4s H_prior=1.653 H_mcts=1.160 drop=+0.493
[worker 12] refreshed weights (mtime 1776821010)
[worker 12] game 15 1/2-1/2 plies=53 time=34.9s H_prior=1.696 H_mcts=1.065 drop=+0.631
[worker 12] game 16 1-0 plies=107 time=85.0s H_prior=1.753 H_mcts=1.174 drop=+0.579
[worker 12] game 17 0-1 plies=150 time=129.5s H_prior=1.692 H_mcts=1.166 drop=+0.526
[worker 12] game 18 0-1 plies=34 time=25.4s H_prior=2.114 H_mcts=1.739 drop=+0.375
[worker 12] game 19 0-1 plies=94 time=75.7s H_prior=1.818 H_mcts=1.251 drop=+0.567
[worker 12] refreshed weights (mtime 1776821362)
[worker 12] game 20 1-0 plies=135 time=107.9s H_prior=1.612 H_mcts=1.158 drop=+0.454
[worker 12] game 21 1-0 plies=73 time=52.4s H_prior=1.991 H_mcts=1.378 drop=+0.613
[worker 12] ready on cuda:3
[worker 12] game 1 0-1 plies=168 time=143.1s H_prior=1.492 H_mcts=1.152 drop=+0.340
[worker 12] game 2 0-1 plies=106 time=82.5s H_prior=1.697 H_mcts=1.141 drop=+0.556
[worker 12] game 3 0-1 plies=70 time=55.8s H_prior=1.893 H_mcts=1.251 drop=+0.642
[worker 12] game 4 1-0 plies=125 time=108.0s H_prior=1.747 H_mcts=1.136 drop=+0.610
[worker 12] game 5 1-0 plies=119 time=101.6s H_prior=1.751 H_mcts=1.224 drop=+0.527
[worker 12] game 6 1-0 plies=119 time=95.1s H_prior=1.691 H_mcts=1.283 drop=+0.408
[worker 12] game 7 1-0 plies=79 time=61.7s H_prior=1.684 H_mcts=1.319 drop=+0.365
[worker 12] ready on cuda:3
[worker 12] game 1 0-1 plies=166 time=156.9s H_prior=1.524 H_mcts=1.089 drop=+0.435
[worker 12] refreshed weights (mtime 1776822353)
[worker 12] game 2 1-0 plies=25 time=17.7s H_prior=1.866 H_mcts=1.491 drop=+0.375
[worker 12] game 3 1-0 plies=89 time=67.3s H_prior=1.648 H_mcts=1.361 drop=+0.287
[worker 12] game 4 1-0 plies=117 time=96.4s H_prior=1.823 H_mcts=1.397 drop=+0.427
[worker 12] game 5 1-0 plies=77 time=63.2s H_prior=1.634 H_mcts=1.145 drop=+0.489
[worker 12] game 6 0-1 plies=56 time=40.6s H_prior=1.644 H_mcts=1.063 drop=+0.580
[worker 12] game 7 0-1 plies=116 time=94.3s H_prior=1.497 H_mcts=1.044 drop=+0.453
[worker 12] game 8 0-1 plies=20 time=12.2s H_prior=1.694 H_mcts=1.166 drop=+0.528
[worker 12] game 9 1-0 plies=137 time=112.5s H_prior=1.584 H_mcts=1.147 drop=+0.437
[worker 12] game 10 0-1 plies=68 time=54.7s H_prior=1.786 H_mcts=1.153 drop=+0.633
[worker 12] game 11 0-1 plies=252 time=277.6s H_prior=1.731 H_mcts=1.325 drop=+0.406
[worker 12] game 12 0-1 plies=76 time=59.6s H_prior=1.693 H_mcts=1.305 drop=+0.387
[worker 12] game 13 1-0 plies=101 time=83.2s H_prior=1.586 H_mcts=1.264 drop=+0.321
[worker 12] game 14 1-0 plies=119 time=105.2s H_prior=1.778 H_mcts=1.268 drop=+0.510
[worker 12] game 15 1-0 plies=103 time=83.6s H_prior=1.733 H_mcts=1.181 drop=+0.552
[worker 12] game 16 0-1 plies=126 time=102.9s H_prior=1.712 H_mcts=1.289 drop=+0.423
[worker 12] refreshed weights (mtime 1776823698)
[worker 12] ready on cuda:2
[worker 12] game 1 0-1 plies=24 time=25.9s H_prior=2.004 H_mcts=1.481 drop=+0.524
[worker 12] refreshed weights (mtime 1776823909)
[worker 12] game 2 0-1 plies=66 time=57.0s H_prior=1.687 H_mcts=1.261 drop=+0.426
[worker 12] game 3 1-0 plies=113 time=99.3s H_prior=1.744 H_mcts=1.183 drop=+0.561
[worker 12] game 4 0-1 plies=106 time=91.4s H_prior=1.559 H_mcts=1.146 drop=+0.413
[worker 12] game 5 1-0 plies=65 time=52.5s H_prior=1.804 H_mcts=1.431 drop=+0.373
[worker 12] ready on cuda:1
[worker 12] game 1 0-1 plies=100 time=118.8s H_prior=1.573 H_mcts=1.098 drop=+0.475
[worker 12] refreshed weights (mtime 1776824393)
[worker 12] game 2 1-0 plies=37 time=36.3s H_prior=1.784 H_mcts=1.488 drop=+0.296
[worker 12] game 3 1-0 plies=37 time=37.2s H_prior=1.786 H_mcts=1.535 drop=+0.251
[worker 12] game 4 1-0 plies=109 time=111.9s H_prior=1.518 H_mcts=1.083 drop=+0.436
[worker 12] game 5 0-1 plies=124 time=132.3s H_prior=1.719 H_mcts=1.254 drop=+0.465
[worker 12] game 6 1-0 plies=117 time=122.7s H_prior=1.588 H_mcts=1.142 drop=+0.447
[worker 12] refreshed weights (mtime 1776824873)
[worker 12] game 7 0-1 plies=78 time=80.8s H_prior=1.931 H_mcts=1.208 drop=+0.723
[worker 12] game 8 0-1 plies=32 time=31.2s H_prior=2.013 H_mcts=1.585 drop=+0.428
[worker 12] game 9 1/2-1/2 plies=144 time=162.8s H_prior=1.804 H_mcts=1.203 drop=+0.601
[worker 12] refreshed weights (mtime 1776825111)
[worker 12] game 10 1-0 plies=85 time=88.9s H_prior=1.923 H_mcts=1.281 drop=+0.642
[worker 12] game 11 1-0 plies=69 time=68.8s H_prior=2.042 H_mcts=1.617 drop=+0.425
[worker 12] game 12 1-0 plies=25 time=24.4s H_prior=1.968 H_mcts=1.618 drop=+0.351
[worker 12] refreshed weights (mtime 1776825388)
[worker 12] game 13 0-1 plies=248 time=350.3s H_prior=1.670 H_mcts=1.239 drop=+0.431
[worker 12] refreshed weights (mtime 1776825686)
[worker 12] game 14 1/2-1/2 plies=103 time=106.6s H_prior=1.845 H_mcts=1.090 drop=+0.755
[worker 12] game 15 1-0 plies=49 time=49.1s H_prior=2.016 H_mcts=1.426 drop=+0.591
[worker 12] game 16 1/2-1/2 plies=99 time=94.9s H_prior=1.731 H_mcts=1.080 drop=+0.651
[worker 12] refreshed weights (mtime 1776825951)
[worker 12] game 17 1/2-1/2 plies=126 time=129.7s H_prior=1.789 H_mcts=1.144 drop=+0.645
[worker 12] game 18 0-1 plies=86 time=88.9s H_prior=2.153 H_mcts=1.422 drop=+0.732
[worker 12] game 19 0-1 plies=152 time=174.1s H_prior=1.764 H_mcts=1.186 drop=+0.578
[worker 12] refreshed weights (mtime 1776826272)
[worker 12] game 20 1-0 plies=57 time=58.9s H_prior=2.231 H_mcts=1.724 drop=+0.507
[worker 12] game 21 0-1 plies=174 time=206.4s H_prior=1.785 H_mcts=1.238 drop=+0.546
[worker 12] refreshed weights (mtime 1776826579)
[worker 12] game 22 1-0 plies=97 time=99.3s H_prior=1.872 H_mcts=1.438 drop=+0.434
[worker 12] game 23 1/2-1/2 plies=183 time=207.4s H_prior=1.701 H_mcts=1.242 drop=+0.459
[worker 12] refreshed weights (mtime 1776826891)
[worker 12] game 24 1-0 plies=81 time=86.0s H_prior=2.024 H_mcts=1.413 drop=+0.612
[worker 12] game 25 0-1 plies=24 time=22.8s H_prior=2.348 H_mcts=1.819 drop=+0.529
[worker 12] game 26 0-1 plies=74 time=77.2s H_prior=2.060 H_mcts=1.462 drop=+0.597
[worker 12] game 27 1/2-1/2 plies=126 time=132.7s H_prior=1.813 H_mcts=1.041 drop=+0.771
[worker 12] refreshed weights (mtime 1776827182)
[worker 12] game 28 1-0 plies=145 time=159.3s H_prior=1.612 H_mcts=1.092 drop=+0.521
[worker 12] game 29 1-0 plies=85 time=87.4s H_prior=1.985 H_mcts=1.556 drop=+0.429
[worker 12] refreshed weights (mtime 1776827495)
[worker 12] game 30 0-1 plies=96 time=102.7s H_prior=1.674 H_mcts=1.188 drop=+0.487
[worker 12] game 31 1-0 plies=173 time=212.9s H_prior=1.823 H_mcts=1.279 drop=+0.544
[worker 12] refreshed weights (mtime 1776827791)
[worker 12] game 32 0-1 plies=146 time=166.5s H_prior=1.795 H_mcts=1.171 drop=+0.624
[worker 12] game 33 1-0 plies=117 time=126.3s H_prior=1.769 H_mcts=1.268 drop=+0.501
[worker 12] refreshed weights (mtime 1776828100)
[worker 12] game 34 0-1 plies=124 time=133.1s H_prior=1.833 H_mcts=1.445 drop=+0.388
[worker 12] game 35 0-1 plies=158 time=179.9s H_prior=1.712 H_mcts=1.100 drop=+0.612
[worker 12] refreshed weights (mtime 1776828383)
[worker 12] game 36 0-1 plies=152 time=171.7s H_prior=1.692 H_mcts=1.219 drop=+0.474
[worker 12] game 37 1/2-1/2 plies=69 time=70.4s H_prior=2.090 H_mcts=1.334 drop=+0.756
[worker 12] refreshed weights (mtime 1776828677)
[worker 12] game 38 0-1 plies=62 time=63.7s H_prior=2.010 H_mcts=1.515 drop=+0.494
[worker 12] game 39 0-1 plies=116 time=127.9s H_prior=1.864 H_mcts=1.456 drop=+0.408
[worker 12] game 40 1-0 plies=77 time=81.7s H_prior=2.125 H_mcts=1.432 drop=+0.693
[worker 12] game 41 0-1 plies=70 time=74.0s H_prior=2.023 H_mcts=1.527 drop=+0.496
[worker 12] refreshed weights (mtime 1776828978)
[worker 12] game 42 0-1 plies=40 time=40.9s H_prior=2.225 H_mcts=1.627 drop=+0.599
[worker 12] game 43 1/2-1/2 plies=95 time=98.7s H_prior=1.999 H_mcts=1.401 drop=+0.598
[worker 12] game 44 1-0 plies=27 time=25.9s H_prior=2.198 H_mcts=1.655 drop=+0.543
[worker 12] game 45 1-0 plies=87 time=90.8s H_prior=2.013 H_mcts=1.507 drop=+0.507
[worker 12] refreshed weights (mtime 1776829271)
[worker 12] game 46 1-0 plies=109 time=117.9s H_prior=1.808 H_mcts=1.163 drop=+0.645
[worker 12] game 47 1-0 plies=63 time=63.7s H_prior=2.200 H_mcts=1.587 drop=+0.613
[worker 12] game 48 1-0 plies=69 time=72.9s H_prior=2.135 H_mcts=1.431 drop=+0.705
[worker 12] game 49 1-0 plies=135 time=151.8s H_prior=1.755 H_mcts=1.236 drop=+0.519
[worker 12] refreshed weights (mtime 1776829577)
[worker 12] game 50 1-0 plies=89 time=91.3s H_prior=1.863 H_mcts=1.450 drop=+0.413
[worker 12] game 51 1/2-1/2 plies=185 time=219.2s H_prior=1.670 H_mcts=1.151 drop=+0.520
[worker 12] refreshed weights (mtime 1776829880)
[worker 12] game 52 1-0 plies=179 time=213.0s H_prior=1.781 H_mcts=1.163 drop=+0.618
[worker 12] refreshed weights (mtime 1776830182)
[worker 12] game 53 1/2-1/2 plies=98 time=100.5s H_prior=1.840 H_mcts=1.215 drop=+0.625
[worker 12] game 54 1/2-1/2 plies=295 time=445.3s H_prior=1.709 H_mcts=1.340 drop=+0.369
[worker 12] refreshed weights (mtime 1776830777)
[worker 12] game 55 1-0 plies=113 time=121.2s H_prior=1.937 H_mcts=1.310 drop=+0.627
[worker 12] game 56 1-0 plies=71 time=68.5s H_prior=1.851 H_mcts=1.344 drop=+0.508
[worker 12] game 57 0-1 plies=62 time=66.5s H_prior=2.088 H_mcts=1.573 drop=+0.515
[worker 12] game 58 1-0 plies=81 time=86.9s H_prior=2.004 H_mcts=1.443 drop=+0.561
[worker 12] refreshed weights (mtime 1776831081)
[worker 12] game 59 1-0 plies=29 time=28.2s H_prior=2.241 H_mcts=1.783 drop=+0.457
[worker 12] game 60 1-0 plies=37 time=35.4s H_prior=2.146 H_mcts=1.629 drop=+0.517
[worker 12] game 61 1-0 plies=123 time=127.5s H_prior=1.600 H_mcts=1.117 drop=+0.483
[worker 12] game 62 0-1 plies=76 time=78.2s H_prior=1.889 H_mcts=1.260 drop=+0.629
[worker 12] refreshed weights (mtime 1776831360)
[worker 12] game 63 1/2-1/2 plies=149 time=161.6s H_prior=1.735 H_mcts=1.297 drop=+0.438
[worker 12] game 64 1/2-1/2 plies=128 time=143.0s H_prior=1.785 H_mcts=1.100 drop=+0.685
[worker 12] refreshed weights (mtime 1776831654)
[worker 12] game 65 1-0 plies=29 time=27.4s H_prior=2.270 H_mcts=1.832 drop=+0.438
[worker 12] game 66 1-0 plies=141 time=158.2s H_prior=1.774 H_mcts=1.232 drop=+0.542
[worker 12] game 67 1-0 plies=21 time=19.7s H_prior=2.179 H_mcts=1.818 drop=+0.360
[worker 12] game 68 0-1 plies=74 time=78.0s H_prior=2.026 H_mcts=1.447 drop=+0.579
[worker 12] refreshed weights (mtime 1776831944)
[worker 12] game 69 1-0 plies=113 time=124.3s H_prior=1.861 H_mcts=1.202 drop=+0.658
[worker 12] game 70 1/2-1/2 plies=101 time=106.1s H_prior=1.972 H_mcts=1.198 drop=+0.774
[worker 12] game 71 1-0 plies=99 time=104.1s H_prior=1.935 H_mcts=1.324 drop=+0.610
[worker 12] refreshed weights (mtime 1776832251)
[worker 12] game 72 0-1 plies=100 time=103.5s H_prior=1.873 H_mcts=1.347 drop=+0.527
[worker 12] game 73 1/2-1/2 plies=179 time=211.3s H_prior=1.780 H_mcts=1.219 drop=+0.561
[worker 12] refreshed weights (mtime 1776832553)
[worker 12] game 74 1-0 plies=49 time=48.0s H_prior=1.981 H_mcts=1.431 drop=+0.550
[worker 12] game 75 1-0 plies=53 time=52.0s H_prior=2.101 H_mcts=1.589 drop=+0.512
[worker 12] game 76 0-1 plies=148 time=156.4s H_prior=1.578 H_mcts=1.041 drop=+0.537
[worker 12] refreshed weights (mtime 1776832849)
[worker 12] game 77 1/2-1/2 plies=73 time=71.7s H_prior=2.043 H_mcts=1.245 drop=+0.799
[worker 12] game 78 1/2-1/2 plies=151 time=163.6s H_prior=1.663 H_mcts=1.240 drop=+0.422
[worker 12] game 79 1-0 plies=33 time=32.3s H_prior=2.317 H_mcts=1.617 drop=+0.700
[worker 12] refreshed weights (mtime 1776833128)
[worker 12] game 80 0-1 plies=118 time=125.3s H_prior=1.842 H_mcts=1.243 drop=+0.600
[worker 12] game 81 0-1 plies=76 time=82.3s H_prior=1.884 H_mcts=1.324 drop=+0.560
[worker 12] game 82 1-0 plies=79 time=85.8s H_prior=2.040 H_mcts=1.365 drop=+0.675
[worker 12] game 83 1/2-1/2 plies=237 time=291.5s H_prior=1.463 H_mcts=1.089 drop=+0.375
[worker 12] refreshed weights (mtime 1776833454)
[worker 12] game 84 0-1 plies=60 time=60.4s H_prior=1.984 H_mcts=1.441 drop=+0.542
[worker 12] refreshed weights (mtime 1776833746)
[worker 12] game 85 1-0 plies=141 time=158.3s H_prior=1.793 H_mcts=1.247 drop=+0.546
[worker 12] game 86 1/2-1/2 plies=205 time=262.1s H_prior=1.783 H_mcts=1.264 drop=+0.519
[worker 12] refreshed weights (mtime 1776834067)
[worker 12] game 87 0-1 plies=90 time=95.7s H_prior=1.785 H_mcts=1.241 drop=+0.544
[worker 12] game 88 0-1 plies=28 time=28.0s H_prior=2.105 H_mcts=1.589 drop=+0.515
[worker 12] game 89 1-0 plies=107 time=115.5s H_prior=1.875 H_mcts=1.368 drop=+0.507
[worker 12] refreshed weights (mtime 1776834351)
[worker 12] game 90 1-0 plies=33 time=33.1s H_prior=2.135 H_mcts=1.522 drop=+0.612
[worker 12] game 91 1/2-1/2 plies=191 time=236.9s H_prior=1.741 H_mcts=1.248 drop=+0.493
[worker 12] refreshed weights (mtime 1776834637)
[worker 12] game 92 1/2-1/2 plies=107 time=115.3s H_prior=1.932 H_mcts=1.300 drop=+0.631
[worker 12] game 93 0-1 plies=82 time=86.9s H_prior=2.039 H_mcts=1.420 drop=+0.619
[worker 12] game 94 1/2-1/2 plies=105 time=106.7s H_prior=1.743 H_mcts=1.181 drop=+0.562
[worker 12] refreshed weights (mtime 1776834940)
[worker 12] game 95 0-1 plies=60 time=59.2s H_prior=1.986 H_mcts=1.537 drop=+0.448
[worker 12] game 96 1-0 plies=123 time=137.2s H_prior=1.879 H_mcts=1.287 drop=+0.592
[worker 12] refreshed weights (mtime 1776835232)
[worker 12] game 97 0-1 plies=20 time=19.2s H_prior=2.249 H_mcts=1.743 drop=+0.506
[worker 12] game 98 1/2-1/2 plies=105 time=109.6s H_prior=1.825 H_mcts=1.182 drop=+0.643
[worker 12] game 99 0-1 plies=148 time=171.5s H_prior=1.764 H_mcts=1.132 drop=+0.632
[worker 12] game 100 1-0 plies=89 time=95.0s H_prior=2.041 H_mcts=1.346 drop=+0.695
[worker 12] refreshed weights (mtime 1776835553)
[worker 12] game 101 0-1 plies=142 time=167.0s H_prior=1.838 H_mcts=1.241 drop=+0.597
[worker 12] game 102 1-0 plies=105 time=118.1s H_prior=1.986 H_mcts=1.456 drop=+0.529
[worker 12] refreshed weights (mtime 1776835857)
[worker 12] game 103 1-0 plies=73 time=77.9s H_prior=2.099 H_mcts=1.369 drop=+0.730
[worker 12] game 104 0-1 plies=84 time=91.4s H_prior=1.985 H_mcts=1.349 drop=+0.636
[worker 12] game 105 1/2-1/2 plies=203 time=270.2s H_prior=1.600 H_mcts=1.153 drop=+0.447
[worker 12] refreshed weights (mtime 1776836173)
[worker 12] game 106 1-0 plies=79 time=82.2s H_prior=1.902 H_mcts=1.374 drop=+0.527
[worker 12] game 107 1-0 plies=147 time=166.5s H_prior=1.824 H_mcts=1.179 drop=+0.644
[worker 12] refreshed weights (mtime 1776836471)
[worker 12] game 108 1-0 plies=135 time=145.9s H_prior=1.732 H_mcts=1.159 drop=+0.573
[worker 12] game 109 1/2-1/2 plies=112 time=120.8s H_prior=1.909 H_mcts=1.206 drop=+0.702
[worker 12] refreshed weights (mtime 1776836776)
[worker 12] game 110 1-0 plies=215 time=272.2s H_prior=1.662 H_mcts=1.166 drop=+0.496
[worker 12] refreshed weights (mtime 1776837084)
[worker 12] game 111 1/2-1/2 plies=188 time=218.7s H_prior=1.642 H_mcts=1.197 drop=+0.445
[worker 12] game 112 1-0 plies=237 time=303.2s H_prior=1.573 H_mcts=1.183 drop=+0.390
[worker 12] refreshed weights (mtime 1776837385)
[worker 12] game 113 1-0 plies=109 time=116.7s H_prior=1.831 H_mcts=1.316 drop=+0.515
[worker 12] refreshed weights (mtime 1776837697)
[worker 12] game 114 1-0 plies=141 time=158.9s H_prior=1.788 H_mcts=1.392 drop=+0.397
[worker 12] game 115 1-0 plies=107 time=107.1s H_prior=1.566 H_mcts=0.917 drop=+0.649
[worker 12] refreshed weights (mtime 1776837984)
[worker 12] game 116 0-1 plies=76 time=83.3s H_prior=2.150 H_mcts=1.529 drop=+0.621
[worker 12] game 117 1-0 plies=157 time=182.2s H_prior=1.836 H_mcts=1.358 drop=+0.478
[worker 12] refreshed weights (mtime 1776838278)
[worker 12] game 118 1-0 plies=41 time=41.0s H_prior=2.155 H_mcts=1.467 drop=+0.688
[worker 12] game 119 1/2-1/2 plies=182 time=205.3s H_prior=1.545 H_mcts=0.974 drop=+0.571
[worker 12] game 120 1/2-1/2 plies=134 time=141.6s H_prior=1.740 H_mcts=1.145 drop=+0.596
[worker 12] refreshed weights (mtime 1776838582)
[worker 12] game 121 1-0 plies=29 time=28.9s H_prior=2.010 H_mcts=1.467 drop=+0.543
[worker 12] game 122 0-1 plies=162 time=184.2s H_prior=1.641 H_mcts=1.125 drop=+0.516
[worker 12] refreshed weights (mtime 1776838864)
[worker 12] game 123 0-1 plies=124 time=137.5s H_prior=1.759 H_mcts=1.212 drop=+0.547
[worker 12] game 124 0-1 plies=118 time=131.2s H_prior=1.942 H_mcts=1.289 drop=+0.654
[worker 12] refreshed weights (mtime 1776839143)
[worker 12] game 125 1-0 plies=129 time=148.6s H_prior=1.978 H_mcts=1.366 drop=+0.612
[worker 12] game 126 1-0 plies=35 time=34.5s H_prior=2.248 H_mcts=1.783 drop=+0.465
[worker 12] game 127 1/2-1/2 plies=238 time=320.1s H_prior=1.615 H_mcts=1.134 drop=+0.481
[worker 12] refreshed weights (mtime 1776839443)
[worker 12] game 128 0-1 plies=130 time=143.4s H_prior=1.839 H_mcts=1.147 drop=+0.692
[worker 12] refreshed weights (mtime 1776839762)
[worker 12] game 129 1-0 plies=85 time=88.1s H_prior=2.060 H_mcts=1.328 drop=+0.732
[worker 12] game 130 0-1 plies=68 time=68.4s H_prior=2.050 H_mcts=1.446 drop=+0.604
[worker 12] game 131 1/2-1/2 plies=119 time=119.6s H_prior=1.860 H_mcts=1.185 drop=+0.675
[worker 12] refreshed weights (mtime 1776840064)
[worker 12] game 132 1/2-1/2 plies=97 time=97.9s H_prior=1.887 H_mcts=1.155 drop=+0.731
[worker 12] game 133 0-1 plies=178 time=201.2s H_prior=1.661 H_mcts=0.991 drop=+0.670
[worker 12] refreshed weights (mtime 1776840370)
[worker 12] game 134 1/2-1/2 plies=232 time=311.0s H_prior=1.607 H_mcts=1.201 drop=+0.406
[worker 12] refreshed weights (mtime 1776840666)
[worker 12] game 135 1/2-1/2 plies=156 time=172.5s H_prior=1.820 H_mcts=1.287 drop=+0.533
[worker 12] game 136 1-0 plies=45 time=46.0s H_prior=2.185 H_mcts=1.682 drop=+0.503
[worker 12] game 137 1/2-1/2 plies=171 time=205.8s H_prior=1.723 H_mcts=1.227 drop=+0.496
[worker 12] refreshed weights (mtime 1776840943)
[worker 12] game 138 1-0 plies=101 time=106.7s H_prior=1.858 H_mcts=1.375 drop=+0.483
[worker 12] refreshed weights (mtime 1776841239)
[worker 12] game 139 1-0 plies=77 time=78.0s H_prior=1.956 H_mcts=1.256 drop=+0.699
[worker 12] game 140 1/2-1/2 plies=190 time=234.5s H_prior=1.526 H_mcts=1.100 drop=+0.426
[worker 12] refreshed weights (mtime 1776841526)
[worker 12] game 141 1/2-1/2 plies=142 time=146.0s H_prior=1.635 H_mcts=1.111 drop=+0.524
[worker 12] game 142 1-0 plies=69 time=68.3s H_prior=1.820 H_mcts=1.435 drop=+0.384
[worker 12] game 143 1-0 plies=95 time=102.9s H_prior=1.968 H_mcts=1.501 drop=+0.466
[worker 12] refreshed weights (mtime 1776841810)
[worker 12] game 144 1-0 plies=79 time=82.5s H_prior=1.991 H_mcts=1.339 drop=+0.651
[worker 12] game 145 0-1 plies=84 time=90.4s H_prior=2.006 H_mcts=1.409 drop=+0.597
[worker 12] game 146 1-0 plies=99 time=109.5s H_prior=1.823 H_mcts=1.232 drop=+0.591
[worker 12] refreshed weights (mtime 1776842098)
[worker 12] game 147 1/2-1/2 plies=178 time=202.6s H_prior=1.583 H_mcts=1.174 drop=+0.410
[worker 12] game 148 0-1 plies=132 time=147.3s H_prior=1.842 H_mcts=1.276 drop=+0.565
[worker 12] refreshed weights (mtime 1776842408)
[worker 12] game 149 1-0 plies=107 time=114.5s H_prior=1.849 H_mcts=1.240 drop=+0.610
[worker 12] game 150 1-0 plies=201 time=237.9s H_prior=1.595 H_mcts=1.127 drop=+0.468
[worker 12] refreshed weights (mtime 1776842705)
[worker 12] game 151 1-0 plies=109 time=118.4s H_prior=1.605 H_mcts=1.082 drop=+0.523
[worker 12] game 152 1/2-1/2 plies=101 time=105.0s H_prior=1.732 H_mcts=1.169 drop=+0.563
[worker 12] refreshed weights (mtime 1776843013)
[worker 12] game 153 1/2-1/2 plies=124 time=134.1s H_prior=1.873 H_mcts=1.340 drop=+0.533
[worker 12] game 154 0-1 plies=118 time=133.8s H_prior=1.898 H_mcts=1.288 drop=+0.610
[worker 12] refreshed weights (mtime 1776843327)
[worker 12] game 155 1/2-1/2 plies=215 time=279.8s H_prior=1.632 H_mcts=1.210 drop=+0.422
[worker 12] game 156 1-0 plies=107 time=116.9s H_prior=1.952 H_mcts=1.356 drop=+0.596
[worker 12] refreshed weights (mtime 1776843636)
[worker 12] game 157 0-1 plies=46 time=45.2s H_prior=2.069 H_mcts=1.601 drop=+0.468
[worker 12] game 158 1/2-1/2 plies=104 time=106.5s H_prior=1.823 H_mcts=1.207 drop=+0.616
[worker 12] game 159 1-0 plies=133 time=137.8s H_prior=1.606 H_mcts=1.225 drop=+0.381
[worker 12] refreshed weights (mtime 1776843938)
[worker 12] game 160 1-0 plies=49 time=48.7s H_prior=2.127 H_mcts=1.651 drop=+0.476
[worker 12] game 161 1/2-1/2 plies=131 time=141.3s H_prior=1.831 H_mcts=1.174 drop=+0.658
[worker 12] game 162 0-1 plies=102 time=106.4s H_prior=1.756 H_mcts=1.112 drop=+0.643
[worker 12] refreshed weights (mtime 1776844250)
[worker 12] game 163 1/2-1/2 plies=129 time=139.3s H_prior=1.758 H_mcts=1.245 drop=+0.513
[worker 12] game 164 1/2-1/2 plies=124 time=139.2s H_prior=1.957 H_mcts=1.399 drop=+0.558
[worker 12] refreshed weights (mtime 1776844553)
[worker 12] game 165 1-0 plies=81 time=83.2s H_prior=2.119 H_mcts=1.479 drop=+0.640
[worker 12] game 166 0-1 plies=24 time=22.7s H_prior=2.325 H_mcts=1.953 drop=+0.372
[worker 12] game 167 1/2-1/2 plies=223 time=303.9s H_prior=1.672 H_mcts=1.113 drop=+0.559
[worker 12] refreshed weights (mtime 1776844837)
[worker 12] game 168 1-0 plies=171 time=203.1s H_prior=1.903 H_mcts=1.290 drop=+0.612
[worker 12] refreshed weights (mtime 1776845135)
[worker 12] game 169 1-0 plies=143 time=154.5s H_prior=1.643 H_mcts=1.226 drop=+0.417
[worker 12] game 170 1-0 plies=135 time=152.5s H_prior=1.924 H_mcts=1.231 drop=+0.693
[worker 12] refreshed weights (mtime 1776845440)
[worker 12] game 171 0-1 plies=82 time=86.7s H_prior=1.928 H_mcts=1.308 drop=+0.620
[worker 12] game 172 1/2-1/2 plies=141 time=159.4s H_prior=1.822 H_mcts=1.227 drop=+0.594
[worker 12] refreshed weights (mtime 1776845752)
[worker 12] game 173 1-0 plies=85 time=86.5s H_prior=1.945 H_mcts=1.384 drop=+0.562
[worker 12] game 174 0-1 plies=32 time=32.1s H_prior=2.156 H_mcts=1.529 drop=+0.627
[worker 12] game 175 0-1 plies=88 time=93.2s H_prior=1.766 H_mcts=1.157 drop=+0.609
[worker 12] game 176 1/2-1/2 plies=121 time=121.2s H_prior=1.611 H_mcts=1.094 drop=+0.517
[worker 12] refreshed weights (mtime 1776846060)
[worker 12] game 177 0-1 plies=90 time=95.3s H_prior=1.940 H_mcts=1.389 drop=+0.551
[worker 12] game 178 1/2-1/2 plies=228 time=307.5s H_prior=1.544 H_mcts=1.195 drop=+0.349
[worker 12] refreshed weights (mtime 1776846373)
[worker 12] game 179 1/2-1/2 plies=61 time=57.5s H_prior=2.063 H_mcts=1.236 drop=+0.826
[worker 12] game 180 0-1 plies=90 time=94.9s H_prior=1.886 H_mcts=1.276 drop=+0.610
[worker 12] refreshed weights (mtime 1776846643)
[worker 12] game 181 1-0 plies=179 time=218.4s H_prior=1.780 H_mcts=1.194 drop=+0.586
[worker 12] game 182 0-1 plies=110 time=121.7s H_prior=1.857 H_mcts=1.313 drop=+0.544
[worker 12] refreshed weights (mtime 1776846917)
[worker 12] game 183 1/2-1/2 plies=215 time=268.0s H_prior=1.681 H_mcts=1.153 drop=+0.528
[worker 12] refreshed weights (mtime 1776847211)
[worker 12] game 184 0-1 plies=130 time=142.5s H_prior=1.568 H_mcts=1.054 drop=+0.514
[worker 12] game 185 0-1 plies=114 time=121.5s H_prior=1.775 H_mcts=1.197 drop=+0.578
[worker 12] refreshed weights (mtime 1776847534)
[worker 12] game 186 1-0 plies=43 time=38.9s H_prior=2.201 H_mcts=1.550 drop=+0.650
[worker 12] game 187 0-1 plies=136 time=152.4s H_prior=1.722 H_mcts=1.146 drop=+0.576
[worker 12] game 188 1/2-1/2 plies=168 time=190.0s H_prior=1.829 H_mcts=1.218 drop=+0.611
[worker 12] refreshed weights (mtime 1776847844)
[worker 12] game 189 1/2-1/2 plies=75 time=77.4s H_prior=2.040 H_mcts=1.245 drop=+0.795
[worker 12] game 190 0-1 plies=24 time=23.8s H_prior=2.319 H_mcts=1.618 drop=+0.701
[worker 12] game 191 0-1 plies=124 time=134.6s H_prior=1.744 H_mcts=1.324 drop=+0.420
[worker 12] refreshed weights (mtime 1776848151)
[worker 12] game 192 1/2-1/2 plies=143 time=158.1s H_prior=1.932 H_mcts=1.353 drop=+0.578
[worker 12] game 193 1-0 plies=87 time=90.5s H_prior=1.742 H_mcts=1.249 drop=+0.492
[worker 12] game 194 1-0 plies=69 time=71.2s H_prior=2.022 H_mcts=1.417 drop=+0.605
[worker 12] refreshed weights (mtime 1776848463)
[worker 12] game 195 1/2-1/2 plies=141 time=161.7s H_prior=1.814 H_mcts=1.130 drop=+0.685
[worker 12] game 196 1-0 plies=33 time=32.3s H_prior=2.015 H_mcts=1.431 drop=+0.584
[worker 12] game 197 1-0 plies=203 time=262.6s H_prior=1.705 H_mcts=1.221 drop=+0.484
[worker 12] refreshed weights (mtime 1776848753)
[worker 12] game 198 1-0 plies=47 time=46.1s H_prior=1.951 H_mcts=1.408 drop=+0.543
[worker 12] game 199 1-0 plies=157 time=183.3s H_prior=1.762 H_mcts=1.196 drop=+0.566
[worker 12] refreshed weights (mtime 1776849048)
[worker 12] game 200 1-0 plies=139 time=155.1s H_prior=1.728 H_mcts=1.204 drop=+0.524
[worker 12] game 201 1-0 plies=137 time=152.3s H_prior=1.801 H_mcts=1.187 drop=+0.614
[worker 12] refreshed weights (mtime 1776849334)
[worker 12] game 202 1-0 plies=95 time=98.8s H_prior=1.940 H_mcts=1.265 drop=+0.675
[worker 12] game 203 1-0 plies=73 time=71.9s H_prior=2.006 H_mcts=1.548 drop=+0.457
[worker 12] refreshed weights (mtime 1776849618)
[worker 12] game 204 1/2-1/2 plies=223 time=310.5s H_prior=1.514 H_mcts=1.126 drop=+0.388
[worker 12] refreshed weights (mtime 1776849933)
[worker 12] game 205 1/2-1/2 plies=183 time=210.4s H_prior=1.691 H_mcts=1.195 drop=+0.496
[worker 12] game 206 1/2-1/2 plies=138 time=157.6s H_prior=2.014 H_mcts=1.316 drop=+0.698
[worker 12] refreshed weights (mtime 1776850231)
[worker 12] game 207 1/2-1/2 plies=120 time=128.4s H_prior=1.784 H_mcts=1.225 drop=+0.559
[worker 12] game 208 0-1 plies=166 time=191.1s H_prior=1.490 H_mcts=0.950 drop=+0.540
[worker 12] refreshed weights (mtime 1776850541)
[worker 12] game 209 1-0 plies=191 time=236.9s H_prior=1.492 H_mcts=1.067 drop=+0.425
[worker 12] refreshed weights (mtime 1776850813)
[worker 12] game 210 1-0 plies=31 time=29.5s H_prior=2.355 H_mcts=1.963 drop=+0.392
[worker 12] game 211 0-1 plies=160 time=194.8s H_prior=1.776 H_mcts=1.326 drop=+0.450
[worker 12] game 212 1/2-1/2 plies=179 time=199.0s H_prior=1.423 H_mcts=1.047 drop=+0.376
[worker 12] refreshed weights (mtime 1776851108)
[worker 12] game 213 0-1 plies=80 time=86.4s H_prior=1.952 H_mcts=1.478 drop=+0.474
[worker 12] game 214 1-0 plies=105 time=112.1s H_prior=1.612 H_mcts=1.048 drop=+0.565
[worker 12] refreshed weights (mtime 1776851408)
[worker 12] game 215 0-1 plies=30 time=30.5s H_prior=2.413 H_mcts=1.817 drop=+0.596
[worker 12] game 216 0-1 plies=52 time=55.3s H_prior=2.079 H_mcts=1.571 drop=+0.508
[worker 12] game 217 1/2-1/2 plies=155 time=171.7s H_prior=1.605 H_mcts=1.105 drop=+0.500
[worker 12] refreshed weights (mtime 1776851689)
[worker 12] game 218 1/2-1/2 plies=229 time=314.3s H_prior=1.585 H_mcts=1.161 drop=+0.424
[worker 12] refreshed weights (mtime 1776851973)
[worker 12] game 219 1-0 plies=93 time=97.0s H_prior=1.909 H_mcts=1.384 drop=+0.524
[worker 12] game 220 1/2-1/2 plies=144 time=166.3s H_prior=1.813 H_mcts=1.207 drop=+0.606
[worker 12] refreshed weights (mtime 1776852279)
[worker 12] game 221 0-1 plies=100 time=102.9s H_prior=1.827 H_mcts=1.153 drop=+0.674
[worker 12] game 222 0-1 plies=204 time=267.0s H_prior=1.549 H_mcts=1.105 drop=+0.443
[worker 12] refreshed weights (mtime 1776852565)
[worker 12] game 223 1-0 plies=137 time=157.2s H_prior=1.820 H_mcts=1.222 drop=+0.598
[worker 12] game 224 0-1 plies=52 time=53.4s H_prior=2.142 H_mcts=1.567 drop=+0.575
[worker 12] refreshed weights (mtime 1776852874)
[worker 12] game 225 1-0 plies=117 time=131.4s H_prior=1.984 H_mcts=1.399 drop=+0.586
[worker 12] game 226 1-0 plies=67 time=67.5s H_prior=1.870 H_mcts=1.291 drop=+0.578
[worker 12] game 227 1-0 plies=101 time=105.7s H_prior=1.966 H_mcts=1.356 drop=+0.610
[worker 12] refreshed weights (mtime 1776853195)
[worker 12] game 228 0-1 plies=168 time=194.0s H_prior=1.620 H_mcts=1.160 drop=+0.460
[worker 12] game 229 1/2-1/2 plies=161 time=178.4s H_prior=1.684 H_mcts=1.163 drop=+0.521
[worker 12] game 230 1-0 plies=25 time=25.2s H_prior=2.231 H_mcts=1.570 drop=+0.661
[worker 12] game 231 1-0 plies=115 time=139.1s H_prior=2.117 H_mcts=1.451 drop=+0.666
